2017-04-28 17:22:15.846  INFO 13224 --- [main] demo.ReadingApplication                  : No active profile set, falling back to default profiles: default
2017-04-28 17:22:15.861  INFO 13224 --- [main] ationConfigEmbeddedWebApplicationContext : Refreshing org.springframework.boot.context.embedded.AnnotationConfigEmbeddedWebApplicationContext@66ac5762: startup date [Fri Apr 28 17:22:15 CST 2017]; parent: org.springframework.context.annotation.AnnotationConfigApplicationContext@184cf7cf
2017-04-28 17:22:17.142  INFO 13224 --- [main] o.s.cloud.context.scope.GenericScope     : BeanFactory id=31e2bef2-3d69-312e-8860-f7def852b785
2017-04-28 17:22:17.607  INFO 13224 --- [main] trationDelegate$BeanPostProcessorChecker : Bean 'org.springframework.cloud.autoconfigure.ConfigurationPropertiesRebinderAutoConfiguration' of type [org.springframework.cloud.autoconfigure.ConfigurationPropertiesRebinderAutoConfiguration$$EnhancerBySpringCGLIB$$94c7873a] is not eligible for getting processed by all BeanPostProcessors (for example: not eligible for auto-proxying)
2017-04-28 17:22:18.309  INFO 13224 --- [main] s.b.c.e.t.TomcatEmbeddedServletContainer : Tomcat initialized with port(s): 7001 (http)
2017-04-28 17:22:18.309  INFO 13224 --- [main] o.apache.catalina.core.StandardService   : Starting service Tomcat
2017-04-28 17:22:18.325  INFO 13224 --- [main] org.apache.catalina.core.StandardEngine  : Starting Servlet Engine: Apache Tomcat/8.5.11
2017-04-28 17:22:18.497  INFO 13224 --- [localhost-startStop-1] o.a.c.c.C.[Tomcat].[localhost].[/]       : Initializing Spring embedded WebApplicationContext
2017-04-28 17:22:18.497  INFO 13224 --- [localhost-startStop-1] o.s.web.context.ContextLoader            : Root WebApplicationContext: initialization completed in 2636 ms
2017-04-28 17:22:19.075  INFO 13224 --- [localhost-startStop-1] o.s.b.w.servlet.ServletRegistrationBean  : Mapping servlet: 'proxyStreamServlet' to [/proxy.stream]
2017-04-28 17:22:19.075  INFO 13224 --- [localhost-startStop-1] o.s.b.w.servlet.ServletRegistrationBean  : Mapping servlet: 'dispatcherServlet' to [/]
2017-04-28 17:22:19.075  INFO 13224 --- [localhost-startStop-1] o.s.b.w.servlet.FilterRegistrationBean   : Mapping filter: 'metricsFilter' to: [/*]
2017-04-28 17:22:19.075  INFO 13224 --- [localhost-startStop-1] o.s.b.w.servlet.FilterRegistrationBean   : Mapping filter: 'characterEncodingFilter' to: [/*]
2017-04-28 17:22:19.075  INFO 13224 --- [localhost-startStop-1] o.s.b.w.servlet.FilterRegistrationBean   : Mapping filter: 'hiddenHttpMethodFilter' to: [/*]
2017-04-28 17:22:19.075  INFO 13224 --- [localhost-startStop-1] o.s.b.w.servlet.FilterRegistrationBean   : Mapping filter: 'httpPutFormContentFilter' to: [/*]
2017-04-28 17:22:19.075  INFO 13224 --- [localhost-startStop-1] o.s.b.w.servlet.FilterRegistrationBean   : Mapping filter: 'requestContextFilter' to: [/*]
2017-04-28 17:22:19.075  INFO 13224 --- [localhost-startStop-1] o.s.b.w.servlet.FilterRegistrationBean   : Mapping filter: 'webRequestLoggingFilter' to: [/*]
2017-04-28 17:22:19.075  INFO 13224 --- [localhost-startStop-1] o.s.b.w.servlet.FilterRegistrationBean   : Mapping filter: 'applicationContextIdFilter' to: [/*]
2017-04-28 17:22:20.307  INFO 13224 --- [main] o.s.ui.freemarker.SpringTemplateLoader   : SpringTemplateLoader for FreeMarker: using resource loader [org.springframework.boot.context.embedded.AnnotationConfigEmbeddedWebApplicationContext@66ac5762: startup date [Fri Apr 28 17:22:15 CST 2017]; parent: org.springframework.context.annotation.AnnotationConfigApplicationContext@184cf7cf] and template loader path [classpath:/templates/]
2017-04-28 17:22:20.307  INFO 13224 --- [main] o.s.w.s.v.f.FreeMarkerConfigurer         : ClassTemplateLoader for Spring macros added to FreeMarker configuration
2017-04-28 17:22:20.402  WARN 13224 --- [main] c.n.c.sources.URLConfigurationSource     : No URLs will be polled as dynamic configuration sources.
2017-04-28 17:22:20.402  INFO 13224 --- [main] c.n.c.sources.URLConfigurationSource     : To enable URLs as dynamic configuration sources, define System property archaius.configurationSource.additionalUrls or make config.properties available on classpath.
2017-04-28 17:22:20.417  INFO 13224 --- [main] c.netflix.config.DynamicPropertyFactory  : DynamicPropertyFactory is initialized with configuration sources: com.netflix.config.ConcurrentCompositeConfiguration@6bcc3f27
2017-04-28 17:22:20.901  INFO 13224 --- [main] s.w.s.m.m.a.RequestMappingHandlerAdapter : Looking for @ControllerAdvice: org.springframework.boot.context.embedded.AnnotationConfigEmbeddedWebApplicationContext@66ac5762: startup date [Fri Apr 28 17:22:15 CST 2017]; parent: org.springframework.context.annotation.AnnotationConfigApplicationContext@184cf7cf
2017-04-28 17:22:21.072  INFO 13224 --- [main] s.w.s.m.m.a.RequestMappingHandlerMapping : Mapped "{[/to-read]}" onto public java.lang.String demo.ReadingApplication.toRead()
2017-04-28 17:22:21.072  INFO 13224 --- [main] s.w.s.m.m.a.RequestMappingHandlerMapping : Mapped "{[/hystrix/{path}]}" onto public java.lang.String org.springframework.cloud.netflix.hystrix.dashboard.HystrixDashboardController.monitor(java.lang.String,org.springframework.ui.Model,org.springframework.web.context.request.WebRequest)
2017-04-28 17:22:21.072  INFO 13224 --- [main] s.w.s.m.m.a.RequestMappingHandlerMapping : Mapped "{[/hystrix]}" onto public java.lang.String org.springframework.cloud.netflix.hystrix.dashboard.HystrixDashboardController.home(org.springframework.ui.Model,org.springframework.web.context.request.WebRequest)
2017-04-28 17:22:21.072  INFO 13224 --- [main] s.w.s.m.m.a.RequestMappingHandlerMapping : Mapped "{[/error]}" onto public org.springframework.http.ResponseEntity<java.util.Map<java.lang.String, java.lang.Object>> org.springframework.boot.autoconfigure.web.BasicErrorController.error(javax.servlet.http.HttpServletRequest)
2017-04-28 17:22:21.072  INFO 13224 --- [main] s.w.s.m.m.a.RequestMappingHandlerMapping : Mapped "{[/error],produces=[text/html]}" onto public org.springframework.web.servlet.ModelAndView org.springframework.boot.autoconfigure.web.BasicErrorController.errorHtml(javax.servlet.http.HttpServletRequest,javax.servlet.http.HttpServletResponse)
2017-04-28 17:22:21.228  INFO 13224 --- [main] o.s.w.s.handler.SimpleUrlHandlerMapping  : Mapped URL path [/webjars/**] onto handler of type [class org.springframework.web.servlet.resource.ResourceHttpRequestHandler]
2017-04-28 17:22:21.228  INFO 13224 --- [main] o.s.w.s.handler.SimpleUrlHandlerMapping  : Mapped URL path [/**] onto handler of type [class org.springframework.web.servlet.resource.ResourceHttpRequestHandler]
2017-04-28 17:22:21.353  INFO 13224 --- [main] o.s.w.s.handler.SimpleUrlHandlerMapping  : Mapped URL path [/**/favicon.ico] onto handler of type [class org.springframework.web.servlet.resource.ResourceHttpRequestHandler]
2017-04-28 17:22:22.415  INFO 13224 --- [main] o.s.b.a.e.mvc.EndpointHandlerMapping     : Mapped "{[/pause || /pause.json],methods=[POST]}" onto public java.lang.Object org.springframework.cloud.endpoint.GenericPostableMvcEndpoint.invoke()
2017-04-28 17:22:22.415  INFO 13224 --- [main] o.s.b.a.e.mvc.EndpointHandlerMapping     : Mapped "{[/metrics/{name:.*}],methods=[GET],produces=[application/vnd.spring-boot.actuator.v1+json || application/json]}" onto public java.lang.Object org.springframework.boot.actuate.endpoint.mvc.MetricsMvcEndpoint.value(java.lang.String)
2017-04-28 17:22:22.415  INFO 13224 --- [main] o.s.b.a.e.mvc.EndpointHandlerMapping     : Mapped "{[/metrics || /metrics.json],methods=[GET],produces=[application/vnd.spring-boot.actuator.v1+json || application/json]}" onto public java.lang.Object org.springframework.boot.actuate.endpoint.mvc.EndpointMvcAdapter.invoke()
2017-04-28 17:22:22.415  INFO 13224 --- [main] o.s.b.a.e.mvc.EndpointHandlerMapping     : Mapped "{[/auditevents || /auditevents.json],methods=[GET],produces=[application/vnd.spring-boot.actuator.v1+json || application/json]}" onto public org.springframework.http.ResponseEntity<?> org.springframework.boot.actuate.endpoint.mvc.AuditEventsMvcEndpoint.findByPrincipalAndAfterAndType(java.lang.String,java.util.Date,java.lang.String)
2017-04-28 17:22:22.431  INFO 13224 --- [main] o.s.b.a.e.mvc.EndpointHandlerMapping     : Mapped "{[/mappings || /mappings.json],methods=[GET],produces=[application/vnd.spring-boot.actuator.v1+json || application/json]}" onto public java.lang.Object org.springframework.boot.actuate.endpoint.mvc.EndpointMvcAdapter.invoke()
2017-04-28 17:22:22.431  INFO 13224 --- [main] o.s.b.a.e.mvc.EndpointHandlerMapping     : Mapped "{[/env],methods=[POST]}" onto public java.lang.Object org.springframework.cloud.context.environment.EnvironmentManagerMvcEndpoint.value(java.util.Map<java.lang.String, java.lang.String>)
2017-04-28 17:22:22.431  INFO 13224 --- [main] o.s.b.a.e.mvc.EndpointHandlerMapping     : Mapped "{[/env/reset],methods=[POST]}" onto public java.util.Map<java.lang.String, java.lang.Object> org.springframework.cloud.context.environment.EnvironmentManagerMvcEndpoint.reset()
2017-04-28 17:22:22.431  INFO 13224 --- [main] o.s.b.a.e.mvc.EndpointHandlerMapping     : Mapped "{[/health || /health.json],methods=[GET],produces=[application/vnd.spring-boot.actuator.v1+json || application/json]}" onto public java.lang.Object org.springframework.boot.actuate.endpoint.mvc.HealthMvcEndpoint.invoke(javax.servlet.http.HttpServletRequest,java.security.Principal)
2017-04-28 17:22:22.431  INFO 13224 --- [main] o.s.b.a.e.mvc.EndpointHandlerMapping     : Mapped "{[/archaius || /archaius.json],methods=[GET],produces=[application/vnd.spring-boot.actuator.v1+json || application/json]}" onto public java.lang.Object org.springframework.boot.actuate.endpoint.mvc.EndpointMvcAdapter.invoke()
2017-04-28 17:22:22.431  INFO 13224 --- [main] o.s.b.a.e.mvc.EndpointHandlerMapping     : Mapped "{[/hystrix.stream/**]}" onto public org.springframework.web.servlet.ModelAndView org.springframework.cloud.netflix.endpoint.ServletWrappingEndpoint.handle(javax.servlet.http.HttpServletRequest,javax.servlet.http.HttpServletResponse) throws java.lang.Exception
2017-04-28 17:22:22.431  INFO 13224 --- [main] o.s.b.a.e.mvc.EndpointHandlerMapping     : Mapped "{[/env/{name:.*}],methods=[GET],produces=[application/vnd.spring-boot.actuator.v1+json || application/json]}" onto public java.lang.Object org.springframework.boot.actuate.endpoint.mvc.EnvironmentMvcEndpoint.value(java.lang.String)
2017-04-28 17:22:22.431  INFO 13224 --- [main] o.s.b.a.e.mvc.EndpointHandlerMapping     : Mapped "{[/env || /env.json],methods=[GET],produces=[application/vnd.spring-boot.actuator.v1+json || application/json]}" onto public java.lang.Object org.springframework.boot.actuate.endpoint.mvc.EndpointMvcAdapter.invoke()
2017-04-28 17:22:22.431  INFO 13224 --- [main] o.s.b.a.e.mvc.EndpointHandlerMapping     : Mapped "{[/trace || /trace.json],methods=[GET],produces=[application/vnd.spring-boot.actuator.v1+json || application/json]}" onto public java.lang.Object org.springframework.boot.actuate.endpoint.mvc.EndpointMvcAdapter.invoke()
2017-04-28 17:22:22.446  INFO 13224 --- [main] o.s.b.a.e.mvc.EndpointHandlerMapping     : Mapped "{[/loggers/{name:.*}],methods=[GET],produces=[application/vnd.spring-boot.actuator.v1+json || application/json]}" onto public java.lang.Object org.springframework.boot.actuate.endpoint.mvc.LoggersMvcEndpoint.get(java.lang.String)
2017-04-28 17:22:22.446  INFO 13224 --- [main] o.s.b.a.e.mvc.EndpointHandlerMapping     : Mapped "{[/loggers/{name:.*}],methods=[POST],consumes=[application/vnd.spring-boot.actuator.v1+json || application/json],produces=[application/vnd.spring-boot.actuator.v1+json || application/json]}" onto public java.lang.Object org.springframework.boot.actuate.endpoint.mvc.LoggersMvcEndpoint.set(java.lang.String,java.util.Map<java.lang.String, java.lang.String>)
2017-04-28 17:22:22.446  INFO 13224 --- [main] o.s.b.a.e.mvc.EndpointHandlerMapping     : Mapped "{[/loggers || /loggers.json],methods=[GET],produces=[application/vnd.spring-boot.actuator.v1+json || application/json]}" onto public java.lang.Object org.springframework.boot.actuate.endpoint.mvc.EndpointMvcAdapter.invoke()
2017-04-28 17:22:22.446  INFO 13224 --- [main] o.s.b.a.e.mvc.EndpointHandlerMapping     : Mapped "{[/beans || /beans.json],methods=[GET],produces=[application/vnd.spring-boot.actuator.v1+json || application/json]}" onto public java.lang.Object org.springframework.boot.actuate.endpoint.mvc.EndpointMvcAdapter.invoke()
2017-04-28 17:22:22.446  INFO 13224 --- [main] o.s.b.a.e.mvc.EndpointHandlerMapping     : Mapped "{[/restart || /restart.json],methods=[POST]}" onto public java.lang.Object org.springframework.cloud.context.restart.RestartMvcEndpoint.invoke()
2017-04-28 17:22:22.446  INFO 13224 --- [main] o.s.b.a.e.mvc.EndpointHandlerMapping     : Mapped "{[/autoconfig || /autoconfig.json],methods=[GET],produces=[application/vnd.spring-boot.actuator.v1+json || application/json]}" onto public java.lang.Object org.springframework.boot.actuate.endpoint.mvc.EndpointMvcAdapter.invoke()
2017-04-28 17:22:22.446  INFO 13224 --- [main] o.s.b.a.e.mvc.EndpointHandlerMapping     : Mapped "{[/logfile || /logfile.json],methods=[GET || HEAD]}" onto public void org.springframework.boot.actuate.endpoint.mvc.LogFileMvcEndpoint.invoke(javax.servlet.http.HttpServletRequest,javax.servlet.http.HttpServletResponse) throws javax.servlet.ServletException,java.io.IOException
2017-04-28 17:22:22.446  INFO 13224 --- [main] o.s.b.a.e.mvc.EndpointHandlerMapping     : Mapped "{[/info || /info.json],methods=[GET],produces=[application/vnd.spring-boot.actuator.v1+json || application/json]}" onto public java.lang.Object org.springframework.boot.actuate.endpoint.mvc.EndpointMvcAdapter.invoke()
2017-04-28 17:22:22.446  INFO 13224 --- [main] o.s.b.a.e.mvc.EndpointHandlerMapping     : Mapped "{[/refresh || /refresh.json],methods=[POST]}" onto public java.lang.Object org.springframework.cloud.endpoint.GenericPostableMvcEndpoint.invoke()
2017-04-28 17:22:22.446  INFO 13224 --- [main] o.s.b.a.e.mvc.EndpointHandlerMapping     : Mapped "{[/resume || /resume.json],methods=[POST]}" onto public java.lang.Object org.springframework.cloud.endpoint.GenericPostableMvcEndpoint.invoke()
2017-04-28 17:22:22.446  INFO 13224 --- [main] o.s.b.a.e.mvc.EndpointHandlerMapping     : Mapped "{[/heapdump || /heapdump.json],methods=[GET],produces=[application/octet-stream]}" onto public void org.springframework.boot.actuate.endpoint.mvc.HeapdumpMvcEndpoint.invoke(boolean,javax.servlet.http.HttpServletRequest,javax.servlet.http.HttpServletResponse) throws java.io.IOException,javax.servlet.ServletException
2017-04-28 17:22:22.462  INFO 13224 --- [main] o.s.b.a.e.mvc.EndpointHandlerMapping     : Mapped "{[/dump || /dump.json],methods=[GET],produces=[application/vnd.spring-boot.actuator.v1+json || application/json]}" onto public java.lang.Object org.springframework.boot.actuate.endpoint.mvc.EndpointMvcAdapter.invoke()
2017-04-28 17:22:22.463  INFO 13224 --- [main] o.s.b.a.e.mvc.EndpointHandlerMapping     : Mapped "{[/configprops || /configprops.json],methods=[GET],produces=[application/vnd.spring-boot.actuator.v1+json || application/json]}" onto public java.lang.Object org.springframework.boot.actuate.endpoint.mvc.EndpointMvcAdapter.invoke()
2017-04-28 17:22:22.465  INFO 13224 --- [main] o.s.b.a.e.mvc.EndpointHandlerMapping     : Mapped "{[/features || /features.json],methods=[GET],produces=[application/vnd.spring-boot.actuator.v1+json || application/json]}" onto public java.lang.Object org.springframework.boot.actuate.endpoint.mvc.EndpointMvcAdapter.invoke()
2017-04-28 17:22:22.927  WARN 13224 --- [main] o.s.c.n.a.ArchaiusAutoConfiguration      : No spring.application.name found, defaulting to 'application'
2017-04-28 17:22:22.927  WARN 13224 --- [main] c.n.c.sources.URLConfigurationSource     : No URLs will be polled as dynamic configuration sources.
2017-04-28 17:22:22.927  INFO 13224 --- [main] c.n.c.sources.URLConfigurationSource     : To enable URLs as dynamic configuration sources, define System property archaius.configurationSource.additionalUrls or make config.properties available on classpath.
2017-04-28 17:22:23.051  INFO 13224 --- [main] o.s.j.e.a.AnnotationMBeanExporter        : Registering beans for JMX exposure on startup
2017-04-28 17:22:23.067  INFO 13224 --- [main] o.s.j.e.a.AnnotationMBeanExporter        : Bean with name 'configurationPropertiesRebinder' has been autodetected for JMX exposure
2017-04-28 17:22:23.067  INFO 13224 --- [main] o.s.j.e.a.AnnotationMBeanExporter        : Bean with name 'refreshEndpoint' has been autodetected for JMX exposure
2017-04-28 17:22:23.067  INFO 13224 --- [main] o.s.j.e.a.AnnotationMBeanExporter        : Bean with name 'restartEndpoint' has been autodetected for JMX exposure
2017-04-28 17:22:23.067  INFO 13224 --- [main] o.s.j.e.a.AnnotationMBeanExporter        : Bean with name 'environmentManager' has been autodetected for JMX exposure
2017-04-28 17:22:23.067  INFO 13224 --- [main] o.s.j.e.a.AnnotationMBeanExporter        : Bean with name 'refreshScope' has been autodetected for JMX exposure
2017-04-28 17:22:23.083  INFO 13224 --- [main] o.s.j.e.a.AnnotationMBeanExporter        : Located managed bean 'environmentManager': registering with JMX server as MBean [org.springframework.cloud.context.environment:name=environmentManager,type=EnvironmentManager]
2017-04-28 17:22:23.098  INFO 13224 --- [main] o.s.j.e.a.AnnotationMBeanExporter        : Located managed bean 'restartEndpoint': registering with JMX server as MBean [org.springframework.cloud.context.restart:name=restartEndpoint,type=RestartEndpoint]
2017-04-28 17:22:23.114  INFO 13224 --- [main] o.s.j.e.a.AnnotationMBeanExporter        : Located managed bean 'refreshScope': registering with JMX server as MBean [org.springframework.cloud.context.scope.refresh:name=refreshScope,type=RefreshScope]
2017-04-28 17:22:23.129  INFO 13224 --- [main] o.s.j.e.a.AnnotationMBeanExporter        : Located managed bean 'configurationPropertiesRebinder': registering with JMX server as MBean [org.springframework.cloud.context.properties:name=configurationPropertiesRebinder,context=66ac5762,type=ConfigurationPropertiesRebinder]
2017-04-28 17:22:23.145  INFO 13224 --- [main] o.s.j.e.a.AnnotationMBeanExporter        : Located managed bean 'refreshEndpoint': registering with JMX server as MBean [org.springframework.cloud.endpoint:name=refreshEndpoint,type=RefreshEndpoint]
2017-04-28 17:22:23.301  INFO 13224 --- [main] o.s.c.support.DefaultLifecycleProcessor  : Starting beans in phase 0
2017-04-28 17:22:23.363  INFO 13224 --- [main] o.s.c.support.DefaultLifecycleProcessor  : Starting beans in phase 2147483647
2017-04-28 17:22:23.363  INFO 13224 --- [main] ration$HystrixMetricsPollerConfiguration : Starting poller
2017-04-28 17:22:23.465  INFO 13224 --- [main] s.b.c.e.t.TomcatEmbeddedServletContainer : Tomcat started on port(s): 7001 (http)
2017-04-28 17:22:23.487  INFO 13224 --- [main] demo.ReadingApplication                  : Started ReadingApplication in 9.798 seconds (JVM running for 10.284)
2017-04-28 17:22:42.040  INFO 13224 --- [http-nio-7001-exec-1] o.a.c.c.C.[Tomcat].[localhost].[/]       : Initializing Spring FrameworkServlet 'dispatcherServlet'
2017-04-28 17:22:42.040  INFO 13224 --- [http-nio-7001-exec-1] o.s.web.servlet.DispatcherServlet        : FrameworkServlet 'dispatcherServlet': initialization started
2017-04-28 17:22:42.083  INFO 13224 --- [http-nio-7001-exec-1] o.s.web.servlet.DispatcherServlet        : FrameworkServlet 'dispatcherServlet': initialization completed in 42 ms
2017-04-28 17:24:42.492  INFO 13372 --- [main] demo.ReadingApplication                  : No active profile set, falling back to default profiles: default
2017-04-28 17:24:42.508  INFO 13372 --- [main] ationConfigEmbeddedWebApplicationContext : Refreshing org.springframework.boot.context.embedded.AnnotationConfigEmbeddedWebApplicationContext@66ac5762: startup date [Fri Apr 28 17:24:42 CST 2017]; parent: org.springframework.context.annotation.AnnotationConfigApplicationContext@184cf7cf
2017-04-28 17:24:43.759  INFO 13372 --- [main] o.s.cloud.context.scope.GenericScope     : BeanFactory id=31e2bef2-3d69-312e-8860-f7def852b785
2017-04-28 17:24:44.244  INFO 13372 --- [main] trationDelegate$BeanPostProcessorChecker : Bean 'org.springframework.cloud.autoconfigure.ConfigurationPropertiesRebinderAutoConfiguration' of type [org.springframework.cloud.autoconfigure.ConfigurationPropertiesRebinderAutoConfiguration$$EnhancerBySpringCGLIB$$94c7873a] is not eligible for getting processed by all BeanPostProcessors (for example: not eligible for auto-proxying)
2017-04-28 17:24:44.987  INFO 13372 --- [main] s.b.c.e.t.TomcatEmbeddedServletContainer : Tomcat initialized with port(s): 7001 (http)
2017-04-28 17:24:45.003  INFO 13372 --- [main] o.apache.catalina.core.StandardService   : Starting service Tomcat
2017-04-28 17:24:45.003  INFO 13372 --- [main] org.apache.catalina.core.StandardEngine  : Starting Servlet Engine: Apache Tomcat/8.5.11
2017-04-28 17:24:45.206  INFO 13372 --- [localhost-startStop-1] o.a.c.c.C.[Tomcat].[localhost].[/]       : Initializing Spring embedded WebApplicationContext
2017-04-28 17:24:45.206  INFO 13372 --- [localhost-startStop-1] o.s.web.context.ContextLoader            : Root WebApplicationContext: initialization completed in 2698 ms
2017-04-28 17:24:45.830  INFO 13372 --- [localhost-startStop-1] o.s.b.w.servlet.ServletRegistrationBean  : Mapping servlet: 'proxyStreamServlet' to [/proxy.stream]
2017-04-28 17:24:45.830  INFO 13372 --- [localhost-startStop-1] o.s.b.w.servlet.ServletRegistrationBean  : Mapping servlet: 'dispatcherServlet' to [/]
2017-04-28 17:24:45.830  INFO 13372 --- [localhost-startStop-1] o.s.b.w.servlet.FilterRegistrationBean   : Mapping filter: 'metricsFilter' to: [/*]
2017-04-28 17:24:45.846  INFO 13372 --- [localhost-startStop-1] o.s.b.w.servlet.FilterRegistrationBean   : Mapping filter: 'characterEncodingFilter' to: [/*]
2017-04-28 17:24:45.846  INFO 13372 --- [localhost-startStop-1] o.s.b.w.servlet.FilterRegistrationBean   : Mapping filter: 'hiddenHttpMethodFilter' to: [/*]
2017-04-28 17:24:45.846  INFO 13372 --- [localhost-startStop-1] o.s.b.w.servlet.FilterRegistrationBean   : Mapping filter: 'httpPutFormContentFilter' to: [/*]
2017-04-28 17:24:45.846  INFO 13372 --- [localhost-startStop-1] o.s.b.w.servlet.FilterRegistrationBean   : Mapping filter: 'requestContextFilter' to: [/*]
2017-04-28 17:24:45.846  INFO 13372 --- [localhost-startStop-1] o.s.b.w.servlet.FilterRegistrationBean   : Mapping filter: 'webRequestLoggingFilter' to: [/*]
2017-04-28 17:24:45.846  INFO 13372 --- [localhost-startStop-1] o.s.b.w.servlet.FilterRegistrationBean   : Mapping filter: 'applicationContextIdFilter' to: [/*]
2017-04-28 17:24:47.141  INFO 13372 --- [main] o.s.ui.freemarker.SpringTemplateLoader   : SpringTemplateLoader for FreeMarker: using resource loader [org.springframework.boot.context.embedded.AnnotationConfigEmbeddedWebApplicationContext@66ac5762: startup date [Fri Apr 28 17:24:42 CST 2017]; parent: org.springframework.context.annotation.AnnotationConfigApplicationContext@184cf7cf] and template loader path [classpath:/templates/]
2017-04-28 17:24:47.141  INFO 13372 --- [main] o.s.w.s.v.f.FreeMarkerConfigurer         : ClassTemplateLoader for Spring macros added to FreeMarker configuration
2017-04-28 17:24:47.235  WARN 13372 --- [main] c.n.c.sources.URLConfigurationSource     : No URLs will be polled as dynamic configuration sources.
2017-04-28 17:24:47.235  INFO 13372 --- [main] c.n.c.sources.URLConfigurationSource     : To enable URLs as dynamic configuration sources, define System property archaius.configurationSource.additionalUrls or make config.properties available on classpath.
2017-04-28 17:24:47.235  INFO 13372 --- [main] c.netflix.config.DynamicPropertyFactory  : DynamicPropertyFactory is initialized with configuration sources: com.netflix.config.ConcurrentCompositeConfiguration@79aee22a
2017-04-28 17:24:47.657  INFO 13372 --- [main] s.w.s.m.m.a.RequestMappingHandlerAdapter : Looking for @ControllerAdvice: org.springframework.boot.context.embedded.AnnotationConfigEmbeddedWebApplicationContext@66ac5762: startup date [Fri Apr 28 17:24:42 CST 2017]; parent: org.springframework.context.annotation.AnnotationConfigApplicationContext@184cf7cf
2017-04-28 17:24:47.797  INFO 13372 --- [main] s.w.s.m.m.a.RequestMappingHandlerMapping : Mapped "{[/to-read]}" onto public java.lang.String demo.ReadingApplication.toRead()
2017-04-28 17:24:47.813  INFO 13372 --- [main] s.w.s.m.m.a.RequestMappingHandlerMapping : Mapped "{[/hystrix/{path}]}" onto public java.lang.String org.springframework.cloud.netflix.hystrix.dashboard.HystrixDashboardController.monitor(java.lang.String,org.springframework.ui.Model,org.springframework.web.context.request.WebRequest)
2017-04-28 17:24:47.813  INFO 13372 --- [main] s.w.s.m.m.a.RequestMappingHandlerMapping : Mapped "{[/hystrix]}" onto public java.lang.String org.springframework.cloud.netflix.hystrix.dashboard.HystrixDashboardController.home(org.springframework.ui.Model,org.springframework.web.context.request.WebRequest)
2017-04-28 17:24:47.813  INFO 13372 --- [main] s.w.s.m.m.a.RequestMappingHandlerMapping : Mapped "{[/error]}" onto public org.springframework.http.ResponseEntity<java.util.Map<java.lang.String, java.lang.Object>> org.springframework.boot.autoconfigure.web.BasicErrorController.error(javax.servlet.http.HttpServletRequest)
2017-04-28 17:24:47.813  INFO 13372 --- [main] s.w.s.m.m.a.RequestMappingHandlerMapping : Mapped "{[/error],produces=[text/html]}" onto public org.springframework.web.servlet.ModelAndView org.springframework.boot.autoconfigure.web.BasicErrorController.errorHtml(javax.servlet.http.HttpServletRequest,javax.servlet.http.HttpServletResponse)
2017-04-28 17:24:47.953  INFO 13372 --- [main] o.s.w.s.handler.SimpleUrlHandlerMapping  : Mapped URL path [/webjars/**] onto handler of type [class org.springframework.web.servlet.resource.ResourceHttpRequestHandler]
2017-04-28 17:24:47.953  INFO 13372 --- [main] o.s.w.s.handler.SimpleUrlHandlerMapping  : Mapped URL path [/**] onto handler of type [class org.springframework.web.servlet.resource.ResourceHttpRequestHandler]
2017-04-28 17:24:48.047  INFO 13372 --- [main] o.s.w.s.handler.SimpleUrlHandlerMapping  : Mapped URL path [/**/favicon.ico] onto handler of type [class org.springframework.web.servlet.resource.ResourceHttpRequestHandler]
2017-04-28 17:24:48.983  INFO 13372 --- [main] o.s.b.a.e.mvc.EndpointHandlerMapping     : Mapped "{[/metrics/{name:.*}],methods=[GET],produces=[application/vnd.spring-boot.actuator.v1+json || application/json]}" onto public java.lang.Object org.springframework.boot.actuate.endpoint.mvc.MetricsMvcEndpoint.value(java.lang.String)
2017-04-28 17:24:48.983  INFO 13372 --- [main] o.s.b.a.e.mvc.EndpointHandlerMapping     : Mapped "{[/metrics || /metrics.json],methods=[GET],produces=[application/vnd.spring-boot.actuator.v1+json || application/json]}" onto public java.lang.Object org.springframework.boot.actuate.endpoint.mvc.EndpointMvcAdapter.invoke()
2017-04-28 17:24:48.983  INFO 13372 --- [main] o.s.b.a.e.mvc.EndpointHandlerMapping     : Mapped "{[/restart || /restart.json],methods=[POST]}" onto public java.lang.Object org.springframework.cloud.context.restart.RestartMvcEndpoint.invoke()
2017-04-28 17:24:48.983  INFO 13372 --- [main] o.s.b.a.e.mvc.EndpointHandlerMapping     : Mapped "{[/configprops || /configprops.json],methods=[GET],produces=[application/vnd.spring-boot.actuator.v1+json || application/json]}" onto public java.lang.Object org.springframework.boot.actuate.endpoint.mvc.EndpointMvcAdapter.invoke()
2017-04-28 17:24:48.983  INFO 13372 --- [main] o.s.b.a.e.mvc.EndpointHandlerMapping     : Mapped "{[/dump || /dump.json],methods=[GET],produces=[application/vnd.spring-boot.actuator.v1+json || application/json]}" onto public java.lang.Object org.springframework.boot.actuate.endpoint.mvc.EndpointMvcAdapter.invoke()
2017-04-28 17:24:48.983  INFO 13372 --- [main] o.s.b.a.e.mvc.EndpointHandlerMapping     : Mapped "{[/loggers/{name:.*}],methods=[GET],produces=[application/vnd.spring-boot.actuator.v1+json || application/json]}" onto public java.lang.Object org.springframework.boot.actuate.endpoint.mvc.LoggersMvcEndpoint.get(java.lang.String)
2017-04-28 17:24:48.983  INFO 13372 --- [main] o.s.b.a.e.mvc.EndpointHandlerMapping     : Mapped "{[/loggers/{name:.*}],methods=[POST],consumes=[application/vnd.spring-boot.actuator.v1+json || application/json],produces=[application/vnd.spring-boot.actuator.v1+json || application/json]}" onto public java.lang.Object org.springframework.boot.actuate.endpoint.mvc.LoggersMvcEndpoint.set(java.lang.String,java.util.Map<java.lang.String, java.lang.String>)
2017-04-28 17:24:48.998  INFO 13372 --- [main] o.s.b.a.e.mvc.EndpointHandlerMapping     : Mapped "{[/loggers || /loggers.json],methods=[GET],produces=[application/vnd.spring-boot.actuator.v1+json || application/json]}" onto public java.lang.Object org.springframework.boot.actuate.endpoint.mvc.EndpointMvcAdapter.invoke()
2017-04-28 17:24:48.998  INFO 13372 --- [main] o.s.b.a.e.mvc.EndpointHandlerMapping     : Mapped "{[/mappings || /mappings.json],methods=[GET],produces=[application/vnd.spring-boot.actuator.v1+json || application/json]}" onto public java.lang.Object org.springframework.boot.actuate.endpoint.mvc.EndpointMvcAdapter.invoke()
2017-04-28 17:24:48.998  INFO 13372 --- [main] o.s.b.a.e.mvc.EndpointHandlerMapping     : Mapped "{[/env],methods=[POST]}" onto public java.lang.Object org.springframework.cloud.context.environment.EnvironmentManagerMvcEndpoint.value(java.util.Map<java.lang.String, java.lang.String>)
2017-04-28 17:24:48.998  INFO 13372 --- [main] o.s.b.a.e.mvc.EndpointHandlerMapping     : Mapped "{[/env/reset],methods=[POST]}" onto public java.util.Map<java.lang.String, java.lang.Object> org.springframework.cloud.context.environment.EnvironmentManagerMvcEndpoint.reset()
2017-04-28 17:24:48.998  INFO 13372 --- [main] o.s.b.a.e.mvc.EndpointHandlerMapping     : Mapped "{[/health || /health.json],methods=[GET],produces=[application/vnd.spring-boot.actuator.v1+json || application/json]}" onto public java.lang.Object org.springframework.boot.actuate.endpoint.mvc.HealthMvcEndpoint.invoke(javax.servlet.http.HttpServletRequest,java.security.Principal)
2017-04-28 17:24:48.998  INFO 13372 --- [main] o.s.b.a.e.mvc.EndpointHandlerMapping     : Mapped "{[/env/{name:.*}],methods=[GET],produces=[application/vnd.spring-boot.actuator.v1+json || application/json]}" onto public java.lang.Object org.springframework.boot.actuate.endpoint.mvc.EnvironmentMvcEndpoint.value(java.lang.String)
2017-04-28 17:24:48.998  INFO 13372 --- [main] o.s.b.a.e.mvc.EndpointHandlerMapping     : Mapped "{[/env || /env.json],methods=[GET],produces=[application/vnd.spring-boot.actuator.v1+json || application/json]}" onto public java.lang.Object org.springframework.boot.actuate.endpoint.mvc.EndpointMvcAdapter.invoke()
2017-04-28 17:24:48.998  INFO 13372 --- [main] o.s.b.a.e.mvc.EndpointHandlerMapping     : Mapped "{[/info || /info.json],methods=[GET],produces=[application/vnd.spring-boot.actuator.v1+json || application/json]}" onto public java.lang.Object org.springframework.boot.actuate.endpoint.mvc.EndpointMvcAdapter.invoke()
2017-04-28 17:24:48.998  INFO 13372 --- [main] o.s.b.a.e.mvc.EndpointHandlerMapping     : Mapped "{[/logfile || /logfile.json],methods=[GET || HEAD]}" onto public void org.springframework.boot.actuate.endpoint.mvc.LogFileMvcEndpoint.invoke(javax.servlet.http.HttpServletRequest,javax.servlet.http.HttpServletResponse) throws javax.servlet.ServletException,java.io.IOException
2017-04-28 17:24:48.998  INFO 13372 --- [main] o.s.b.a.e.mvc.EndpointHandlerMapping     : Mapped "{[/auditevents || /auditevents.json],methods=[GET],produces=[application/vnd.spring-boot.actuator.v1+json || application/json]}" onto public org.springframework.http.ResponseEntity<?> org.springframework.boot.actuate.endpoint.mvc.AuditEventsMvcEndpoint.findByPrincipalAndAfterAndType(java.lang.String,java.util.Date,java.lang.String)
2017-04-28 17:24:49.014  INFO 13372 --- [main] o.s.b.a.e.mvc.EndpointHandlerMapping     : Mapped "{[/features || /features.json],methods=[GET],produces=[application/vnd.spring-boot.actuator.v1+json || application/json]}" onto public java.lang.Object org.springframework.boot.actuate.endpoint.mvc.EndpointMvcAdapter.invoke()
2017-04-28 17:24:49.014  INFO 13372 --- [main] o.s.b.a.e.mvc.EndpointHandlerMapping     : Mapped "{[/heapdump || /heapdump.json],methods=[GET],produces=[application/octet-stream]}" onto public void org.springframework.boot.actuate.endpoint.mvc.HeapdumpMvcEndpoint.invoke(boolean,javax.servlet.http.HttpServletRequest,javax.servlet.http.HttpServletResponse) throws java.io.IOException,javax.servlet.ServletException
2017-04-28 17:24:49.014  INFO 13372 --- [main] o.s.b.a.e.mvc.EndpointHandlerMapping     : Mapped "{[/pause || /pause.json],methods=[POST]}" onto public java.lang.Object org.springframework.cloud.endpoint.GenericPostableMvcEndpoint.invoke()
2017-04-28 17:24:49.014  INFO 13372 --- [main] o.s.b.a.e.mvc.EndpointHandlerMapping     : Mapped "{[/beans || /beans.json],methods=[GET],produces=[application/vnd.spring-boot.actuator.v1+json || application/json]}" onto public java.lang.Object org.springframework.boot.actuate.endpoint.mvc.EndpointMvcAdapter.invoke()
2017-04-28 17:24:49.014  INFO 13372 --- [main] o.s.b.a.e.mvc.EndpointHandlerMapping     : Mapped "{[/trace || /trace.json],methods=[GET],produces=[application/vnd.spring-boot.actuator.v1+json || application/json]}" onto public java.lang.Object org.springframework.boot.actuate.endpoint.mvc.EndpointMvcAdapter.invoke()
2017-04-28 17:24:49.014  INFO 13372 --- [main] o.s.b.a.e.mvc.EndpointHandlerMapping     : Mapped "{[/autoconfig || /autoconfig.json],methods=[GET],produces=[application/vnd.spring-boot.actuator.v1+json || application/json]}" onto public java.lang.Object org.springframework.boot.actuate.endpoint.mvc.EndpointMvcAdapter.invoke()
2017-04-28 17:24:49.014  INFO 13372 --- [main] o.s.b.a.e.mvc.EndpointHandlerMapping     : Mapped "{[/resume || /resume.json],methods=[POST]}" onto public java.lang.Object org.springframework.cloud.endpoint.GenericPostableMvcEndpoint.invoke()
2017-04-28 17:24:49.014  INFO 13372 --- [main] o.s.b.a.e.mvc.EndpointHandlerMapping     : Mapped "{[/hystrix.stream/**]}" onto public org.springframework.web.servlet.ModelAndView org.springframework.cloud.netflix.endpoint.ServletWrappingEndpoint.handle(javax.servlet.http.HttpServletRequest,javax.servlet.http.HttpServletResponse) throws java.lang.Exception
2017-04-28 17:24:49.014  INFO 13372 --- [main] o.s.b.a.e.mvc.EndpointHandlerMapping     : Mapped "{[/refresh || /refresh.json],methods=[POST]}" onto public java.lang.Object org.springframework.cloud.endpoint.GenericPostableMvcEndpoint.invoke()
2017-04-28 17:24:49.014  INFO 13372 --- [main] o.s.b.a.e.mvc.EndpointHandlerMapping     : Mapped "{[/archaius || /archaius.json],methods=[GET],produces=[application/vnd.spring-boot.actuator.v1+json || application/json]}" onto public java.lang.Object org.springframework.boot.actuate.endpoint.mvc.EndpointMvcAdapter.invoke()
2017-04-28 17:24:49.514  WARN 13372 --- [main] o.s.c.n.a.ArchaiusAutoConfiguration      : No spring.application.name found, defaulting to 'application'
2017-04-28 17:24:49.514  WARN 13372 --- [main] c.n.c.sources.URLConfigurationSource     : No URLs will be polled as dynamic configuration sources.
2017-04-28 17:24:49.514  INFO 13372 --- [main] c.n.c.sources.URLConfigurationSource     : To enable URLs as dynamic configuration sources, define System property archaius.configurationSource.additionalUrls or make config.properties available on classpath.
2017-04-28 17:24:49.670  INFO 13372 --- [main] o.s.j.e.a.AnnotationMBeanExporter        : Registering beans for JMX exposure on startup
2017-04-28 17:24:49.686  INFO 13372 --- [main] o.s.j.e.a.AnnotationMBeanExporter        : Bean with name 'configurationPropertiesRebinder' has been autodetected for JMX exposure
2017-04-28 17:24:49.686  INFO 13372 --- [main] o.s.j.e.a.AnnotationMBeanExporter        : Bean with name 'refreshEndpoint' has been autodetected for JMX exposure
2017-04-28 17:24:49.686  INFO 13372 --- [main] o.s.j.e.a.AnnotationMBeanExporter        : Bean with name 'restartEndpoint' has been autodetected for JMX exposure
2017-04-28 17:24:49.686  INFO 13372 --- [main] o.s.j.e.a.AnnotationMBeanExporter        : Bean with name 'environmentManager' has been autodetected for JMX exposure
2017-04-28 17:24:49.701  INFO 13372 --- [main] o.s.j.e.a.AnnotationMBeanExporter        : Bean with name 'refreshScope' has been autodetected for JMX exposure
2017-04-28 17:24:49.701  INFO 13372 --- [main] o.s.j.e.a.AnnotationMBeanExporter        : Located managed bean 'environmentManager': registering with JMX server as MBean [org.springframework.cloud.context.environment:name=environmentManager,type=EnvironmentManager]
2017-04-28 17:24:49.717  INFO 13372 --- [main] o.s.j.e.a.AnnotationMBeanExporter        : Located managed bean 'restartEndpoint': registering with JMX server as MBean [org.springframework.cloud.context.restart:name=restartEndpoint,type=RestartEndpoint]
2017-04-28 17:24:49.748  INFO 13372 --- [main] o.s.j.e.a.AnnotationMBeanExporter        : Located managed bean 'refreshScope': registering with JMX server as MBean [org.springframework.cloud.context.scope.refresh:name=refreshScope,type=RefreshScope]
2017-04-28 17:24:49.764  INFO 13372 --- [main] o.s.j.e.a.AnnotationMBeanExporter        : Located managed bean 'configurationPropertiesRebinder': registering with JMX server as MBean [org.springframework.cloud.context.properties:name=configurationPropertiesRebinder,context=66ac5762,type=ConfigurationPropertiesRebinder]
2017-04-28 17:24:49.795  INFO 13372 --- [main] o.s.j.e.a.AnnotationMBeanExporter        : Located managed bean 'refreshEndpoint': registering with JMX server as MBean [org.springframework.cloud.endpoint:name=refreshEndpoint,type=RefreshEndpoint]
2017-04-28 17:24:49.998  INFO 13372 --- [main] o.s.c.support.DefaultLifecycleProcessor  : Starting beans in phase 0
2017-04-28 17:24:50.061  INFO 13372 --- [main] o.s.c.support.DefaultLifecycleProcessor  : Starting beans in phase 2147483647
2017-04-28 17:24:50.061  INFO 13372 --- [main] ration$HystrixMetricsPollerConfiguration : Starting poller
2017-04-28 17:24:50.170  INFO 13372 --- [main] s.b.c.e.t.TomcatEmbeddedServletContainer : Tomcat started on port(s): 7001 (http)
2017-04-28 17:24:50.186  INFO 13372 --- [main] demo.ReadingApplication                  : Started ReadingApplication in 9.745 seconds (JVM running for 10.257)
2017-04-28 17:24:57.822  INFO 13372 --- [http-nio-7001-exec-1] o.a.c.c.C.[Tomcat].[localhost].[/]       : Initializing Spring FrameworkServlet 'dispatcherServlet'
2017-04-28 17:24:57.823  INFO 13372 --- [http-nio-7001-exec-1] o.s.web.servlet.DispatcherServlet        : FrameworkServlet 'dispatcherServlet': initialization started
2017-04-28 17:24:57.862  INFO 13372 --- [http-nio-7001-exec-1] o.s.web.servlet.DispatcherServlet        : FrameworkServlet 'dispatcherServlet': initialization completed in 38 ms
2017-04-28 17:25:28.352  INFO 13372 --- [http-nio-7001-exec-2] ashboardConfiguration$ProxyStreamServlet : 

Proxy opening connection to: http://localhost:7001/hystrix.stream


2017-04-28 17:25:28.353  INFO 13372 --- [http-nio-7001-exec-5] ashboardConfiguration$ProxyStreamServlet : 

Proxy opening connection to: http://localhost:7001/hystrix.stream


2017-04-28 17:25:38.426  INFO 13372 --- [http-nio-7001-exec-8] ashboardConfiguration$ProxyStreamServlet : 

Proxy opening connection to: http://localhost:7001/hystrix.stream


2017-04-28 17:25:38.443  INFO 13372 --- [http-nio-7001-exec-4] ashboardConfiguration$ProxyStreamServlet : 

Proxy opening connection to: http://localhost:7001/hystrix.stream


2017-04-28 17:25:45.661  INFO 13372 --- [http-nio-7001-exec-10] ashboardConfiguration$ProxyStreamServlet : 

Proxy opening connection to: http://localhost:7001/hystrix.stream


2017-04-28 17:25:45.662  INFO 13372 --- [http-nio-7001-exec-9] ashboardConfiguration$ProxyStreamServlet : 

Proxy opening connection to: http://localhost:7001/hystrix.stream


2017-04-28 17:25:46.850  INFO 13372 --- [http-nio-7001-exec-7] ashboardConfiguration$ProxyStreamServlet : 

Proxy opening connection to: http://localhost:7001/hystrix.stream


2017-04-28 17:25:46.855  INFO 13372 --- [http-nio-7001-exec-8] ashboardConfiguration$ProxyStreamServlet : 

Proxy opening connection to: http://localhost:7001/hystrix.stream


2017-04-28 17:25:47.649  INFO 13372 --- [http-nio-7001-exec-10] ashboardConfiguration$ProxyStreamServlet : 

Proxy opening connection to: http://localhost:7001/hystrix.stream


2017-04-28 17:25:47.649  INFO 13372 --- [http-nio-7001-exec-9] ashboardConfiguration$ProxyStreamServlet : 

Proxy opening connection to: http://localhost:7001/hystrix.stream


2017-04-28 17:25:50.179  INFO 13372 --- [http-nio-7001-exec-8] ashboardConfiguration$ProxyStreamServlet : 

Proxy opening connection to: http://localhost:7001/hystrix.stream


2017-04-28 17:25:50.180  INFO 13372 --- [http-nio-7001-exec-7] ashboardConfiguration$ProxyStreamServlet : 

Proxy opening connection to: http://localhost:7001/hystrix.stream


2017-04-28 17:25:50.589  INFO 13372 --- [http-nio-7001-exec-10] ashboardConfiguration$ProxyStreamServlet : 

Proxy opening connection to: http://localhost:7001/hystrix.stream


2017-04-28 17:25:50.590  INFO 13372 --- [http-nio-7001-exec-6] ashboardConfiguration$ProxyStreamServlet : 

Proxy opening connection to: http://localhost:7001/hystrix.stream


2017-04-28 17:25:50.650  WARN 13372 --- [http-nio-7001-exec-6] ashboardConfiguration$ProxyStreamServlet : Failed opening connection to http://localhost:7001/hystrix.stream : 503 : HTTP/1.1 503 
2017-04-28 17:25:51.002  INFO 13372 --- [http-nio-7001-exec-6] ashboardConfiguration$ProxyStreamServlet : 

Proxy opening connection to: http://localhost:7001/hystrix.stream


2017-04-28 17:25:51.008  INFO 13372 --- [http-nio-7001-exec-12] ashboardConfiguration$ProxyStreamServlet : 

Proxy opening connection to: http://localhost:7001/hystrix.stream


