2017-04-28 17:24:18.089  INFO 14988 --- [main] demo.BookstoreApplication                : No active profile set, falling back to default profiles: default
2017-04-28 17:24:18.120  INFO 14988 --- [main] ationConfigEmbeddedWebApplicationContext : Refreshing org.springframework.boot.context.embedded.AnnotationConfigEmbeddedWebApplicationContext@40238dd0: startup date [Fri Apr 28 17:24:18 CST 2017]; parent: org.springframework.context.annotation.AnnotationConfigApplicationContext@1198b989
2017-04-28 17:24:18.807  INFO 14988 --- [main] o.s.cloud.context.scope.GenericScope     : BeanFactory id=afcab037-320d-3711-8826-297df7321bbd
2017-04-28 17:24:18.949  INFO 14988 --- [main] trationDelegate$BeanPostProcessorChecker : Bean 'org.springframework.cloud.autoconfigure.ConfigurationPropertiesRebinderAutoConfiguration' of type [org.springframework.cloud.autoconfigure.ConfigurationPropertiesRebinderAutoConfiguration$$EnhancerBySpringCGLIB$$59f2f4c] is not eligible for getting processed by all BeanPostProcessors (for example: not eligible for auto-proxying)
2017-04-28 17:24:19.495  INFO 14988 --- [main] s.b.c.e.t.TomcatEmbeddedServletContainer : Tomcat initialized with port(s): 7000 (http)
2017-04-28 17:24:19.526  INFO 14988 --- [main] o.apache.catalina.core.StandardService   : Starting service Tomcat
2017-04-28 17:24:19.526  INFO 14988 --- [main] org.apache.catalina.core.StandardEngine  : Starting Servlet Engine: Apache Tomcat/8.5.11
2017-04-28 17:24:19.722  INFO 14988 --- [localhost-startStop-1] o.a.c.c.C.[Tomcat].[localhost].[/]       : Initializing Spring embedded WebApplicationContext
2017-04-28 17:24:19.722  INFO 14988 --- [localhost-startStop-1] o.s.web.context.ContextLoader            : Root WebApplicationContext: initialization completed in 1602 ms
2017-04-28 17:24:19.925  INFO 14988 --- [localhost-startStop-1] o.s.b.w.servlet.ServletRegistrationBean  : Mapping servlet: 'dispatcherServlet' to [/]
2017-04-28 17:24:19.925  INFO 14988 --- [localhost-startStop-1] o.s.b.w.servlet.FilterRegistrationBean   : Mapping filter: 'characterEncodingFilter' to: [/*]
2017-04-28 17:24:19.940  INFO 14988 --- [localhost-startStop-1] o.s.b.w.servlet.FilterRegistrationBean   : Mapping filter: 'hiddenHttpMethodFilter' to: [/*]
2017-04-28 17:24:19.940  INFO 14988 --- [localhost-startStop-1] o.s.b.w.servlet.FilterRegistrationBean   : Mapping filter: 'httpPutFormContentFilter' to: [/*]
2017-04-28 17:24:19.940  INFO 14988 --- [localhost-startStop-1] o.s.b.w.servlet.FilterRegistrationBean   : Mapping filter: 'requestContextFilter' to: [/*]
2017-04-28 17:24:20.315  INFO 14988 --- [main] s.w.s.m.m.a.RequestMappingHandlerAdapter : Looking for @ControllerAdvice: org.springframework.boot.context.embedded.AnnotationConfigEmbeddedWebApplicationContext@40238dd0: startup date [Fri Apr 28 17:24:18 CST 2017]; parent: org.springframework.context.annotation.AnnotationConfigApplicationContext@1198b989
2017-04-28 17:24:20.427  INFO 14988 --- [main] s.w.s.m.m.a.RequestMappingHandlerMapping : Mapped "{[/recommended]}" onto public java.lang.String demo.BookstoreApplication.readingList()
2017-04-28 17:24:20.427  INFO 14988 --- [main] s.w.s.m.m.a.RequestMappingHandlerMapping : Mapped "{[/error]}" onto public org.springframework.http.ResponseEntity<java.util.Map<java.lang.String, java.lang.Object>> org.springframework.boot.autoconfigure.web.BasicErrorController.error(javax.servlet.http.HttpServletRequest)
2017-04-28 17:24:20.427  INFO 14988 --- [main] s.w.s.m.m.a.RequestMappingHandlerMapping : Mapped "{[/error],produces=[text/html]}" onto public org.springframework.web.servlet.ModelAndView org.springframework.boot.autoconfigure.web.BasicErrorController.errorHtml(javax.servlet.http.HttpServletRequest,javax.servlet.http.HttpServletResponse)
2017-04-28 17:24:20.489  INFO 14988 --- [main] o.s.w.s.handler.SimpleUrlHandlerMapping  : Mapped URL path [/webjars/**] onto handler of type [class org.springframework.web.servlet.resource.ResourceHttpRequestHandler]
2017-04-28 17:24:20.489  INFO 14988 --- [main] o.s.w.s.handler.SimpleUrlHandlerMapping  : Mapped URL path [/**] onto handler of type [class org.springframework.web.servlet.resource.ResourceHttpRequestHandler]
2017-04-28 17:24:20.552  INFO 14988 --- [main] o.s.w.s.handler.SimpleUrlHandlerMapping  : Mapped URL path [/**/favicon.ico] onto handler of type [class org.springframework.web.servlet.resource.ResourceHttpRequestHandler]
2017-04-28 17:24:20.914  INFO 14988 --- [main] o.s.ui.freemarker.SpringTemplateLoader   : SpringTemplateLoader for FreeMarker: using resource loader [org.springframework.boot.context.embedded.AnnotationConfigEmbeddedWebApplicationContext@40238dd0: startup date [Fri Apr 28 17:24:18 CST 2017]; parent: org.springframework.context.annotation.AnnotationConfigApplicationContext@1198b989] and template loader path [classpath:/templates/]
2017-04-28 17:24:20.929  INFO 14988 --- [main] o.s.w.s.v.f.FreeMarkerConfigurer         : ClassTemplateLoader for Spring macros added to FreeMarker configuration
2017-04-28 17:24:21.132  WARN 14988 --- [main] o.s.c.n.a.ArchaiusAutoConfiguration      : No spring.application.name found, defaulting to 'application'
2017-04-28 17:24:21.132  WARN 14988 --- [main] c.n.c.sources.URLConfigurationSource     : No URLs will be polled as dynamic configuration sources.
2017-04-28 17:24:21.132  INFO 14988 --- [main] c.n.c.sources.URLConfigurationSource     : To enable URLs as dynamic configuration sources, define System property archaius.configurationSource.additionalUrls or make config.properties available on classpath.
2017-04-28 17:24:21.148  WARN 14988 --- [main] c.n.c.sources.URLConfigurationSource     : No URLs will be polled as dynamic configuration sources.
2017-04-28 17:24:21.148  INFO 14988 --- [main] c.n.c.sources.URLConfigurationSource     : To enable URLs as dynamic configuration sources, define System property archaius.configurationSource.additionalUrls or make config.properties available on classpath.
2017-04-28 17:24:21.257  INFO 14988 --- [main] o.s.j.e.a.AnnotationMBeanExporter        : Registering beans for JMX exposure on startup
2017-04-28 17:24:21.272  INFO 14988 --- [main] o.s.j.e.a.AnnotationMBeanExporter        : Bean with name 'configurationPropertiesRebinder' has been autodetected for JMX exposure
2017-04-28 17:24:21.272  INFO 14988 --- [main] o.s.j.e.a.AnnotationMBeanExporter        : Bean with name 'environmentManager' has been autodetected for JMX exposure
2017-04-28 17:24:21.272  INFO 14988 --- [main] o.s.j.e.a.AnnotationMBeanExporter        : Bean with name 'refreshScope' has been autodetected for JMX exposure
2017-04-28 17:24:21.272  INFO 14988 --- [main] o.s.j.e.a.AnnotationMBeanExporter        : Located managed bean 'environmentManager': registering with JMX server as MBean [org.springframework.cloud.context.environment:name=environmentManager,type=EnvironmentManager]
2017-04-28 17:24:21.288  INFO 14988 --- [main] o.s.j.e.a.AnnotationMBeanExporter        : Located managed bean 'refreshScope': registering with JMX server as MBean [org.springframework.cloud.context.scope.refresh:name=refreshScope,type=RefreshScope]
2017-04-28 17:24:21.304  INFO 14988 --- [main] o.s.j.e.a.AnnotationMBeanExporter        : Located managed bean 'configurationPropertiesRebinder': registering with JMX server as MBean [org.springframework.cloud.context.properties:name=configurationPropertiesRebinder,context=40238dd0,type=ConfigurationPropertiesRebinder]
2017-04-28 17:24:21.492  INFO 14988 --- [main] s.b.c.e.t.TomcatEmbeddedServletContainer : Tomcat started on port(s): 7000 (http)
2017-04-28 17:24:21.492  INFO 14988 --- [main] demo.BookstoreApplication                : Started BookstoreApplication in 5.602 seconds (JVM running for 6.137)
2017-04-28 17:24:35.285  INFO 14988 --- [http-nio-7000-exec-1] o.a.c.c.C.[Tomcat].[localhost].[/]       : Initializing Spring FrameworkServlet 'dispatcherServlet'
2017-04-28 17:24:35.285  INFO 14988 --- [http-nio-7000-exec-1] o.s.web.servlet.DispatcherServlet        : FrameworkServlet 'dispatcherServlet': initialization started
2017-04-28 17:24:35.316  INFO 14988 --- [http-nio-7000-exec-1] o.s.web.servlet.DispatcherServlet        : FrameworkServlet 'dispatcherServlet': initialization completed in 30 ms
