2017-05-03 17:47:39.046  INFO 15712 --- [main] s.c.a.AnnotationConfigApplicationContext : Refreshing org.springframework.context.annotation.AnnotationConfigApplicationContext@6069db50: startup date [Wed May 03 17:47:39 CST 2017]; root of context hierarchy
2017-05-03 17:47:39.741  INFO 15712 --- [main] trationDelegate$BeanPostProcessorChecker : Bean 'configurationPropertiesRebinderAutoConfiguration' of type [org.springframework.cloud.autoconfigure.ConfigurationPropertiesRebinderAutoConfiguration$$EnhancerBySpringCGLIB$$a67b41e4] is not eligible for getting processed by all BeanPostProcessors (for example: not eligible for auto-proxying)
2017-05-03 17:47:40.354  INFO 15712 --- [main] c.c.c.ConfigServicePropertySourceLocator : Fetching config from server at: http://poc-4.novalocal:8888
2017-05-03 17:47:43.344  INFO 15712 --- [main] c.c.c.ConfigServicePropertySourceLocator : Located environment: name=eureka, profiles=[online], label=master, version=null, state=null
2017-05-03 17:47:43.345  INFO 15712 --- [main] b.c.PropertySourceBootstrapConfiguration : Located property source: CompositePropertySource [name='configService', propertySources=[MapPropertySource [name='https://github.com/meidi/microservice-config.git/eureka-online.properties']]]
2017-05-03 17:47:43.442  INFO 15712 --- [main] demo.ConfigClientApplication             : The following profiles are active: online
2017-05-03 17:47:43.465  INFO 15712 --- [main] ationConfigEmbeddedWebApplicationContext : Refreshing org.springframework.boot.context.embedded.AnnotationConfigEmbeddedWebApplicationContext@6f152006: startup date [Wed May 03 17:47:43 CST 2017]; parent: org.springframework.context.annotation.AnnotationConfigApplicationContext@6069db50
2017-05-03 17:47:44.297  INFO 15712 --- [main] o.s.cloud.context.scope.GenericScope     : BeanFactory id=bf1b300b-f75d-3409-b7fe-b7fa5f824c7d
2017-05-03 17:47:44.382  INFO 15712 --- [main] trationDelegate$BeanPostProcessorChecker : Bean 'org.springframework.cloud.autoconfigure.ConfigurationPropertiesRebinderAutoConfiguration' of type [org.springframework.cloud.autoconfigure.ConfigurationPropertiesRebinderAutoConfiguration$$EnhancerBySpringCGLIB$$a67b41e4] is not eligible for getting processed by all BeanPostProcessors (for example: not eligible for auto-proxying)
2017-05-03 17:47:44.796  INFO 15712 --- [main] s.b.c.e.t.TomcatEmbeddedServletContainer : Tomcat initialized with port(s): 8880 (http)
2017-05-03 17:47:44.810  INFO 15712 --- [main] o.apache.catalina.core.StandardService   : Starting service Tomcat
2017-05-03 17:47:44.812  INFO 15712 --- [main] org.apache.catalina.core.StandardEngine  : Starting Servlet Engine: Apache Tomcat/8.5.11
2017-05-03 17:47:44.977  INFO 15712 --- [localhost-startStop-1] o.a.c.c.C.[Tomcat].[localhost].[/]       : Initializing Spring embedded WebApplicationContext
2017-05-03 17:47:44.986  INFO 15712 --- [localhost-startStop-1] o.s.web.context.ContextLoader            : Root WebApplicationContext: initialization completed in 1521 ms
2017-05-03 17:47:45.211  INFO 15712 --- [localhost-startStop-1] o.s.b.w.servlet.ServletRegistrationBean  : Mapping servlet: 'dispatcherServlet' to [/]
2017-05-03 17:47:45.216  INFO 15712 --- [localhost-startStop-1] o.s.b.w.servlet.FilterRegistrationBean   : Mapping filter: 'characterEncodingFilter' to: [/*]
2017-05-03 17:47:45.216  INFO 15712 --- [localhost-startStop-1] o.s.b.w.servlet.FilterRegistrationBean   : Mapping filter: 'hiddenHttpMethodFilter' to: [/*]
2017-05-03 17:47:45.217  INFO 15712 --- [localhost-startStop-1] o.s.b.w.servlet.FilterRegistrationBean   : Mapping filter: 'httpPutFormContentFilter' to: [/*]
2017-05-03 17:47:45.217  INFO 15712 --- [localhost-startStop-1] o.s.b.w.servlet.FilterRegistrationBean   : Mapping filter: 'requestContextFilter' to: [/*]
2017-05-03 17:47:45.582  INFO 15712 --- [main] s.w.s.m.m.a.RequestMappingHandlerAdapter : Looking for @ControllerAdvice: org.springframework.boot.context.embedded.AnnotationConfigEmbeddedWebApplicationContext@6f152006: startup date [Wed May 03 17:47:43 CST 2017]; parent: org.springframework.context.annotation.AnnotationConfigApplicationContext@6069db50
2017-05-03 17:47:45.673  INFO 15712 --- [main] s.w.s.m.m.a.RequestMappingHandlerMapping : Mapped "{[/config]}" onto public java.lang.String demo.ConfigClientApplication.hi()
2017-05-03 17:47:45.677  INFO 15712 --- [main] s.w.s.m.m.a.RequestMappingHandlerMapping : Mapped "{[/error]}" onto public org.springframework.http.ResponseEntity<java.util.Map<java.lang.String, java.lang.Object>> org.springframework.boot.autoconfigure.web.BasicErrorController.error(javax.servlet.http.HttpServletRequest)
2017-05-03 17:47:45.677  INFO 15712 --- [main] s.w.s.m.m.a.RequestMappingHandlerMapping : Mapped "{[/error],produces=[text/html]}" onto public org.springframework.web.servlet.ModelAndView org.springframework.boot.autoconfigure.web.BasicErrorController.errorHtml(javax.servlet.http.HttpServletRequest,javax.servlet.http.HttpServletResponse)
2017-05-03 17:47:45.715  INFO 15712 --- [main] o.s.w.s.handler.SimpleUrlHandlerMapping  : Mapped URL path [/webjars/**] onto handler of type [class org.springframework.web.servlet.resource.ResourceHttpRequestHandler]
2017-05-03 17:47:45.716  INFO 15712 --- [main] o.s.w.s.handler.SimpleUrlHandlerMapping  : Mapped URL path [/**] onto handler of type [class org.springframework.web.servlet.resource.ResourceHttpRequestHandler]
2017-05-03 17:47:45.792  INFO 15712 --- [main] o.s.w.s.handler.SimpleUrlHandlerMapping  : Mapped URL path [/**/favicon.ico] onto handler of type [class org.springframework.web.servlet.resource.ResourceHttpRequestHandler]
2017-05-03 17:47:46.147  INFO 15712 --- [main] o.s.j.e.a.AnnotationMBeanExporter        : Registering beans for JMX exposure on startup
2017-05-03 17:47:46.160  INFO 15712 --- [main] o.s.j.e.a.AnnotationMBeanExporter        : Bean with name 'configurationPropertiesRebinder' has been autodetected for JMX exposure
2017-05-03 17:47:46.162  INFO 15712 --- [main] o.s.j.e.a.AnnotationMBeanExporter        : Bean with name 'environmentManager' has been autodetected for JMX exposure
2017-05-03 17:47:46.163  INFO 15712 --- [main] o.s.j.e.a.AnnotationMBeanExporter        : Bean with name 'refreshScope' has been autodetected for JMX exposure
2017-05-03 17:47:46.166  INFO 15712 --- [main] o.s.j.e.a.AnnotationMBeanExporter        : Located managed bean 'environmentManager': registering with JMX server as MBean [org.springframework.cloud.context.environment:name=environmentManager,type=EnvironmentManager]
2017-05-03 17:47:46.184  INFO 15712 --- [main] o.s.j.e.a.AnnotationMBeanExporter        : Located managed bean 'refreshScope': registering with JMX server as MBean [org.springframework.cloud.context.scope.refresh:name=refreshScope,type=RefreshScope]
2017-05-03 17:47:46.198  INFO 15712 --- [main] o.s.j.e.a.AnnotationMBeanExporter        : Located managed bean 'configurationPropertiesRebinder': registering with JMX server as MBean [org.springframework.cloud.context.properties:name=configurationPropertiesRebinder,context=6f152006,type=ConfigurationPropertiesRebinder]
2017-05-03 17:47:46.352  INFO 15712 --- [main] s.b.c.e.t.TomcatEmbeddedServletContainer : Tomcat started on port(s): 8880 (http)
2017-05-03 17:47:46.359  INFO 15712 --- [main] demo.ConfigClientApplication             : Started ConfigClientApplication in 8.271 seconds (JVM running for 8.741)
2017-05-03 17:48:05.852  INFO 15712 --- [http-nio-8880-exec-1] o.a.c.c.C.[Tomcat].[localhost].[/]       : Initializing Spring FrameworkServlet 'dispatcherServlet'
2017-05-03 17:48:05.852  INFO 15712 --- [http-nio-8880-exec-1] o.s.web.servlet.DispatcherServlet        : FrameworkServlet 'dispatcherServlet': initialization started
2017-05-03 17:48:05.871  INFO 15712 --- [http-nio-8880-exec-1] o.s.web.servlet.DispatcherServlet        : FrameworkServlet 'dispatcherServlet': initialization completed in 19 ms
2017-05-03 17:50:30.340  INFO 15972 --- [main] s.c.a.AnnotationConfigApplicationContext : Refreshing org.springframework.context.annotation.AnnotationConfigApplicationContext@6069db50: startup date [Wed May 03 17:50:30 CST 2017]; root of context hierarchy
2017-05-03 17:50:31.071  INFO 15972 --- [main] trationDelegate$BeanPostProcessorChecker : Bean 'configurationPropertiesRebinderAutoConfiguration' of type [org.springframework.cloud.autoconfigure.ConfigurationPropertiesRebinderAutoConfiguration$$EnhancerBySpringCGLIB$$a67b41e4] is not eligible for getting processed by all BeanPostProcessors (for example: not eligible for auto-proxying)
2017-05-03 17:50:31.674  INFO 15972 --- [main] c.c.c.ConfigServicePropertySourceLocator : Fetching config from server at: http://poc-4.novalocal:8888
2017-05-03 17:50:32.574  INFO 15972 --- [main] c.c.c.ConfigServicePropertySourceLocator : Located environment: name=eureka, profiles=[online], label=master, version=null, state=null
2017-05-03 17:50:32.575  INFO 15972 --- [main] b.c.PropertySourceBootstrapConfiguration : Located property source: CompositePropertySource [name='configService', propertySources=[MapPropertySource [name='https://github.com/meidi/microservice-config.git/eureka-online.properties']]]
2017-05-03 17:50:32.651  INFO 15972 --- [main] demo.ConfigClientApplication             : The following profiles are active: online
2017-05-03 17:50:32.671  INFO 15972 --- [main] ationConfigEmbeddedWebApplicationContext : Refreshing org.springframework.boot.context.embedded.AnnotationConfigEmbeddedWebApplicationContext@6f152006: startup date [Wed May 03 17:50:32 CST 2017]; parent: org.springframework.context.annotation.AnnotationConfigApplicationContext@6069db50
2017-05-03 17:50:33.361  INFO 15972 --- [main] o.s.cloud.context.scope.GenericScope     : BeanFactory id=bf1b300b-f75d-3409-b7fe-b7fa5f824c7d
2017-05-03 17:50:33.436  INFO 15972 --- [main] trationDelegate$BeanPostProcessorChecker : Bean 'org.springframework.cloud.autoconfigure.ConfigurationPropertiesRebinderAutoConfiguration' of type [org.springframework.cloud.autoconfigure.ConfigurationPropertiesRebinderAutoConfiguration$$EnhancerBySpringCGLIB$$a67b41e4] is not eligible for getting processed by all BeanPostProcessors (for example: not eligible for auto-proxying)
2017-05-03 17:50:33.834  INFO 15972 --- [main] s.b.c.e.t.TomcatEmbeddedServletContainer : Tomcat initialized with port(s): 8880 (http)
2017-05-03 17:50:33.852  INFO 15972 --- [main] o.apache.catalina.core.StandardService   : Starting service Tomcat
2017-05-03 17:50:33.854  INFO 15972 --- [main] org.apache.catalina.core.StandardEngine  : Starting Servlet Engine: Apache Tomcat/8.5.11
2017-05-03 17:50:34.027  INFO 15972 --- [localhost-startStop-1] o.a.c.c.C.[Tomcat].[localhost].[/]       : Initializing Spring embedded WebApplicationContext
2017-05-03 17:50:34.033  INFO 15972 --- [localhost-startStop-1] o.s.web.context.ContextLoader            : Root WebApplicationContext: initialization completed in 1362 ms
2017-05-03 17:50:34.238  INFO 15972 --- [localhost-startStop-1] o.s.b.w.servlet.ServletRegistrationBean  : Mapping servlet: 'dispatcherServlet' to [/]
2017-05-03 17:50:34.243  INFO 15972 --- [localhost-startStop-1] o.s.b.w.servlet.FilterRegistrationBean   : Mapping filter: 'characterEncodingFilter' to: [/*]
2017-05-03 17:50:34.246  INFO 15972 --- [localhost-startStop-1] o.s.b.w.servlet.FilterRegistrationBean   : Mapping filter: 'hiddenHttpMethodFilter' to: [/*]
2017-05-03 17:50:34.247  INFO 15972 --- [localhost-startStop-1] o.s.b.w.servlet.FilterRegistrationBean   : Mapping filter: 'httpPutFormContentFilter' to: [/*]
2017-05-03 17:50:34.250  INFO 15972 --- [localhost-startStop-1] o.s.b.w.servlet.FilterRegistrationBean   : Mapping filter: 'requestContextFilter' to: [/*]
2017-05-03 17:50:34.631  INFO 15972 --- [main] s.w.s.m.m.a.RequestMappingHandlerAdapter : Looking for @ControllerAdvice: org.springframework.boot.context.embedded.AnnotationConfigEmbeddedWebApplicationContext@6f152006: startup date [Wed May 03 17:50:32 CST 2017]; parent: org.springframework.context.annotation.AnnotationConfigApplicationContext@6069db50
2017-05-03 17:50:34.733  INFO 15972 --- [main] s.w.s.m.m.a.RequestMappingHandlerMapping : Mapped "{[/config]}" onto public java.lang.String demo.ConfigClientApplication.hi()
2017-05-03 17:50:34.739  INFO 15972 --- [main] s.w.s.m.m.a.RequestMappingHandlerMapping : Mapped "{[/error]}" onto public org.springframework.http.ResponseEntity<java.util.Map<java.lang.String, java.lang.Object>> org.springframework.boot.autoconfigure.web.BasicErrorController.error(javax.servlet.http.HttpServletRequest)
2017-05-03 17:50:34.739  INFO 15972 --- [main] s.w.s.m.m.a.RequestMappingHandlerMapping : Mapped "{[/error],produces=[text/html]}" onto public org.springframework.web.servlet.ModelAndView org.springframework.boot.autoconfigure.web.BasicErrorController.errorHtml(javax.servlet.http.HttpServletRequest,javax.servlet.http.HttpServletResponse)
2017-05-03 17:50:34.777  INFO 15972 --- [main] o.s.w.s.handler.SimpleUrlHandlerMapping  : Mapped URL path [/webjars/**] onto handler of type [class org.springframework.web.servlet.resource.ResourceHttpRequestHandler]
2017-05-03 17:50:34.777  INFO 15972 --- [main] o.s.w.s.handler.SimpleUrlHandlerMapping  : Mapped URL path [/**] onto handler of type [class org.springframework.web.servlet.resource.ResourceHttpRequestHandler]
2017-05-03 17:50:34.826  INFO 15972 --- [main] o.s.w.s.handler.SimpleUrlHandlerMapping  : Mapped URL path [/**/favicon.ico] onto handler of type [class org.springframework.web.servlet.resource.ResourceHttpRequestHandler]
2017-05-03 17:50:35.178  INFO 15972 --- [main] o.s.j.e.a.AnnotationMBeanExporter        : Registering beans for JMX exposure on startup
2017-05-03 17:50:35.195  INFO 15972 --- [main] o.s.j.e.a.AnnotationMBeanExporter        : Bean with name 'configurationPropertiesRebinder' has been autodetected for JMX exposure
2017-05-03 17:50:35.198  INFO 15972 --- [main] o.s.j.e.a.AnnotationMBeanExporter        : Bean with name 'environmentManager' has been autodetected for JMX exposure
2017-05-03 17:50:35.200  INFO 15972 --- [main] o.s.j.e.a.AnnotationMBeanExporter        : Bean with name 'refreshScope' has been autodetected for JMX exposure
2017-05-03 17:50:35.203  INFO 15972 --- [main] o.s.j.e.a.AnnotationMBeanExporter        : Located managed bean 'environmentManager': registering with JMX server as MBean [org.springframework.cloud.context.environment:name=environmentManager,type=EnvironmentManager]
2017-05-03 17:50:35.223  INFO 15972 --- [main] o.s.j.e.a.AnnotationMBeanExporter        : Located managed bean 'refreshScope': registering with JMX server as MBean [org.springframework.cloud.context.scope.refresh:name=refreshScope,type=RefreshScope]
2017-05-03 17:50:35.241  INFO 15972 --- [main] o.s.j.e.a.AnnotationMBeanExporter        : Located managed bean 'configurationPropertiesRebinder': registering with JMX server as MBean [org.springframework.cloud.context.properties:name=configurationPropertiesRebinder,context=6f152006,type=ConfigurationPropertiesRebinder]
2017-05-03 17:50:35.439  INFO 15972 --- [main] s.b.c.e.t.TomcatEmbeddedServletContainer : Tomcat started on port(s): 8880 (http)
2017-05-03 17:50:35.448  INFO 15972 --- [main] demo.ConfigClientApplication             : Started ConfigClientApplication in 5.976 seconds (JVM running for 6.442)
2017-05-03 17:50:47.069  INFO 15972 --- [http-nio-8880-exec-1] o.a.c.c.C.[Tomcat].[localhost].[/]       : Initializing Spring FrameworkServlet 'dispatcherServlet'
2017-05-03 17:50:47.069  INFO 15972 --- [http-nio-8880-exec-1] o.s.web.servlet.DispatcherServlet        : FrameworkServlet 'dispatcherServlet': initialization started
2017-05-03 17:50:47.095  INFO 15972 --- [http-nio-8880-exec-1] o.s.web.servlet.DispatcherServlet        : FrameworkServlet 'dispatcherServlet': initialization completed in 25 ms
2017-05-03 18:14:56.916  INFO 11728 --- [main] s.c.a.AnnotationConfigApplicationContext : Refreshing org.springframework.context.annotation.AnnotationConfigApplicationContext@6069db50: startup date [Wed May 03 18:14:56 CST 2017]; root of context hierarchy
2017-05-03 18:14:57.545  INFO 11728 --- [main] trationDelegate$BeanPostProcessorChecker : Bean 'configurationPropertiesRebinderAutoConfiguration' of type [org.springframework.cloud.autoconfigure.ConfigurationPropertiesRebinderAutoConfiguration$$EnhancerBySpringCGLIB$$a67b41e4] is not eligible for getting processed by all BeanPostProcessors (for example: not eligible for auto-proxying)
2017-05-03 18:14:58.191  INFO 11728 --- [main] c.c.c.ConfigServicePropertySourceLocator : Fetching config from server at: http://poc-4.novalocal:8888
2017-05-03 18:15:00.593  INFO 11728 --- [main] c.c.c.ConfigServicePropertySourceLocator : Located environment: name=usercheck, profiles=[online], label=master, version=null, state=null
2017-05-03 18:15:00.594  INFO 11728 --- [main] b.c.PropertySourceBootstrapConfiguration : Located property source: CompositePropertySource [name='configService', propertySources=[MapPropertySource [name='https://github.com/meidi/microservice-config.git/usercheck-online.properties']]]
2017-05-03 18:15:00.665  INFO 11728 --- [main] demo.ConfigClientApplication             : The following profiles are active: online
2017-05-03 18:15:00.686  INFO 11728 --- [main] ationConfigEmbeddedWebApplicationContext : Refreshing org.springframework.boot.context.embedded.AnnotationConfigEmbeddedWebApplicationContext@6f152006: startup date [Wed May 03 18:15:00 CST 2017]; parent: org.springframework.context.annotation.AnnotationConfigApplicationContext@6069db50
2017-05-03 18:15:01.339  INFO 11728 --- [main] o.s.cloud.context.scope.GenericScope     : BeanFactory id=bf1b300b-f75d-3409-b7fe-b7fa5f824c7d
2017-05-03 18:15:01.426  INFO 11728 --- [main] trationDelegate$BeanPostProcessorChecker : Bean 'org.springframework.cloud.autoconfigure.ConfigurationPropertiesRebinderAutoConfiguration' of type [org.springframework.cloud.autoconfigure.ConfigurationPropertiesRebinderAutoConfiguration$$EnhancerBySpringCGLIB$$a67b41e4] is not eligible for getting processed by all BeanPostProcessors (for example: not eligible for auto-proxying)
2017-05-03 18:15:01.948  INFO 11728 --- [main] s.b.c.e.t.TomcatEmbeddedServletContainer : Tomcat initialized with port(s): 8880 (http)
2017-05-03 18:15:01.970  INFO 11728 --- [main] o.apache.catalina.core.StandardService   : Starting service Tomcat
2017-05-03 18:15:01.972  INFO 11728 --- [main] org.apache.catalina.core.StandardEngine  : Starting Servlet Engine: Apache Tomcat/8.5.11
2017-05-03 18:15:02.158  INFO 11728 --- [localhost-startStop-1] o.a.c.c.C.[Tomcat].[localhost].[/]       : Initializing Spring embedded WebApplicationContext
2017-05-03 18:15:02.159  INFO 11728 --- [localhost-startStop-1] o.s.web.context.ContextLoader            : Root WebApplicationContext: initialization completed in 1474 ms
2017-05-03 18:15:02.400  INFO 11728 --- [localhost-startStop-1] o.s.b.w.servlet.ServletRegistrationBean  : Mapping servlet: 'dispatcherServlet' to [/]
2017-05-03 18:15:02.406  INFO 11728 --- [localhost-startStop-1] o.s.b.w.servlet.FilterRegistrationBean   : Mapping filter: 'characterEncodingFilter' to: [/*]
2017-05-03 18:15:02.407  INFO 11728 --- [localhost-startStop-1] o.s.b.w.servlet.FilterRegistrationBean   : Mapping filter: 'hiddenHttpMethodFilter' to: [/*]
2017-05-03 18:15:02.408  INFO 11728 --- [localhost-startStop-1] o.s.b.w.servlet.FilterRegistrationBean   : Mapping filter: 'httpPutFormContentFilter' to: [/*]
2017-05-03 18:15:02.408  INFO 11728 --- [localhost-startStop-1] o.s.b.w.servlet.FilterRegistrationBean   : Mapping filter: 'requestContextFilter' to: [/*]
2017-05-03 18:15:02.873  INFO 11728 --- [main] s.w.s.m.m.a.RequestMappingHandlerAdapter : Looking for @ControllerAdvice: org.springframework.boot.context.embedded.AnnotationConfigEmbeddedWebApplicationContext@6f152006: startup date [Wed May 03 18:15:00 CST 2017]; parent: org.springframework.context.annotation.AnnotationConfigApplicationContext@6069db50
2017-05-03 18:15:03.010  INFO 11728 --- [main] s.w.s.m.m.a.RequestMappingHandlerMapping : Mapped "{[/config]}" onto public java.lang.String demo.ConfigClientApplication.hi()
2017-05-03 18:15:03.020  INFO 11728 --- [main] s.w.s.m.m.a.RequestMappingHandlerMapping : Mapped "{[/error]}" onto public org.springframework.http.ResponseEntity<java.util.Map<java.lang.String, java.lang.Object>> org.springframework.boot.autoconfigure.web.BasicErrorController.error(javax.servlet.http.HttpServletRequest)
2017-05-03 18:15:03.020  INFO 11728 --- [main] s.w.s.m.m.a.RequestMappingHandlerMapping : Mapped "{[/error],produces=[text/html]}" onto public org.springframework.web.servlet.ModelAndView org.springframework.boot.autoconfigure.web.BasicErrorController.errorHtml(javax.servlet.http.HttpServletRequest,javax.servlet.http.HttpServletResponse)
2017-05-03 18:15:03.091  INFO 11728 --- [main] o.s.w.s.handler.SimpleUrlHandlerMapping  : Mapped URL path [/webjars/**] onto handler of type [class org.springframework.web.servlet.resource.ResourceHttpRequestHandler]
2017-05-03 18:15:03.092  INFO 11728 --- [main] o.s.w.s.handler.SimpleUrlHandlerMapping  : Mapped URL path [/**] onto handler of type [class org.springframework.web.servlet.resource.ResourceHttpRequestHandler]
2017-05-03 18:15:03.166  INFO 11728 --- [main] o.s.w.s.handler.SimpleUrlHandlerMapping  : Mapped URL path [/**/favicon.ico] onto handler of type [class org.springframework.web.servlet.resource.ResourceHttpRequestHandler]
2017-05-03 18:15:03.589  INFO 11728 --- [main] o.s.j.e.a.AnnotationMBeanExporter        : Registering beans for JMX exposure on startup
2017-05-03 18:15:03.609  INFO 11728 --- [main] o.s.j.e.a.AnnotationMBeanExporter        : Bean with name 'configurationPropertiesRebinder' has been autodetected for JMX exposure
2017-05-03 18:15:03.610  INFO 11728 --- [main] o.s.j.e.a.AnnotationMBeanExporter        : Bean with name 'environmentManager' has been autodetected for JMX exposure
2017-05-03 18:15:03.613  INFO 11728 --- [main] o.s.j.e.a.AnnotationMBeanExporter        : Bean with name 'refreshScope' has been autodetected for JMX exposure
2017-05-03 18:15:03.621  INFO 11728 --- [main] o.s.j.e.a.AnnotationMBeanExporter        : Located managed bean 'environmentManager': registering with JMX server as MBean [org.springframework.cloud.context.environment:name=environmentManager,type=EnvironmentManager]
2017-05-03 18:15:03.650  INFO 11728 --- [main] o.s.j.e.a.AnnotationMBeanExporter        : Located managed bean 'refreshScope': registering with JMX server as MBean [org.springframework.cloud.context.scope.refresh:name=refreshScope,type=RefreshScope]
2017-05-03 18:15:03.685  INFO 11728 --- [main] o.s.j.e.a.AnnotationMBeanExporter        : Located managed bean 'configurationPropertiesRebinder': registering with JMX server as MBean [org.springframework.cloud.context.properties:name=configurationPropertiesRebinder,context=6f152006,type=ConfigurationPropertiesRebinder]
2017-05-03 18:15:03.925  INFO 11728 --- [main] s.b.c.e.t.TomcatEmbeddedServletContainer : Tomcat started on port(s): 8880 (http)
2017-05-03 18:15:03.935  INFO 11728 --- [main] demo.ConfigClientApplication             : Started ConfigClientApplication in 7.878 seconds (JVM running for 8.335)
2017-05-03 18:15:22.815  INFO 11728 --- [http-nio-8880-exec-1] o.a.c.c.C.[Tomcat].[localhost].[/]       : Initializing Spring FrameworkServlet 'dispatcherServlet'
2017-05-03 18:15:22.816  INFO 11728 --- [http-nio-8880-exec-1] o.s.web.servlet.DispatcherServlet        : FrameworkServlet 'dispatcherServlet': initialization started
2017-05-03 18:15:22.862  INFO 11728 --- [http-nio-8880-exec-1] o.s.web.servlet.DispatcherServlet        : FrameworkServlet 'dispatcherServlet': initialization completed in 46 ms
