2017-05-02 12:17:31.676  INFO 11404 --- [main] demo.SayHelloApplication                 : No active profile set, falling back to default profiles: default
2017-05-02 12:17:31.707  INFO 11404 --- [main] ationConfigEmbeddedWebApplicationContext : Refreshing org.springframework.boot.context.embedded.AnnotationConfigEmbeddedWebApplicationContext@517d4a0d: startup date [Tue May 02 12:17:31 CST 2017]; parent: org.springframework.context.annotation.AnnotationConfigApplicationContext@f8c1ddd
2017-05-02 12:17:32.457  INFO 11404 --- [main] o.s.cloud.context.scope.GenericScope     : BeanFactory id=215eaa31-a94b-3b52-ac54-dfcb25975803
2017-05-02 12:17:32.488  INFO 11404 --- [main] f.a.AutowiredAnnotationBeanPostProcessor : JSR-330 'javax.inject.Inject' annotation found and supported for autowiring
2017-05-02 12:17:32.550  INFO 11404 --- [main] trationDelegate$BeanPostProcessorChecker : Bean 'org.springframework.cloud.autoconfigure.ConfigurationPropertiesRebinderAutoConfiguration' of type [org.springframework.cloud.autoconfigure.ConfigurationPropertiesRebinderAutoConfiguration$$EnhancerBySpringCGLIB$$957f3042] is not eligible for getting processed by all BeanPostProcessors (for example: not eligible for auto-proxying)
2017-05-02 12:17:33.034  INFO 11404 --- [main] s.b.c.e.t.TomcatEmbeddedServletContainer : Tomcat initialized with port(s): 6000 (http)
2017-05-02 12:17:33.034  INFO 11404 --- [main] o.apache.catalina.core.StandardService   : Starting service Tomcat
2017-05-02 12:17:33.049  INFO 11404 --- [main] org.apache.catalina.core.StandardEngine  : Starting Servlet Engine: Apache Tomcat/8.5.11
2017-05-02 12:17:33.242  INFO 11404 --- [localhost-startStop-1] o.a.c.c.C.[Tomcat].[localhost].[/]       : Initializing Spring embedded WebApplicationContext
2017-05-02 12:17:33.242  INFO 11404 --- [localhost-startStop-1] o.s.web.context.ContextLoader            : Root WebApplicationContext: initialization completed in 1535 ms
2017-05-02 12:17:33.538  INFO 11404 --- [localhost-startStop-1] o.s.b.w.servlet.ServletRegistrationBean  : Mapping servlet: 'dispatcherServlet' to [/]
2017-05-02 12:17:33.554  INFO 11404 --- [localhost-startStop-1] o.s.b.w.servlet.FilterRegistrationBean   : Mapping filter: 'characterEncodingFilter' to: [/*]
2017-05-02 12:17:33.554  INFO 11404 --- [localhost-startStop-1] o.s.b.w.servlet.FilterRegistrationBean   : Mapping filter: 'hiddenHttpMethodFilter' to: [/*]
2017-05-02 12:17:33.554  INFO 11404 --- [localhost-startStop-1] o.s.b.w.servlet.FilterRegistrationBean   : Mapping filter: 'httpPutFormContentFilter' to: [/*]
2017-05-02 12:17:33.554  INFO 11404 --- [localhost-startStop-1] o.s.b.w.servlet.FilterRegistrationBean   : Mapping filter: 'requestContextFilter' to: [/*]
2017-05-02 12:17:33.931  INFO 11404 --- [main] s.w.s.m.m.a.RequestMappingHandlerAdapter : Looking for @ControllerAdvice: org.springframework.boot.context.embedded.AnnotationConfigEmbeddedWebApplicationContext@517d4a0d: startup date [Tue May 02 12:17:31 CST 2017]; parent: org.springframework.context.annotation.AnnotationConfigApplicationContext@f8c1ddd
2017-05-02 12:17:34.024  INFO 11404 --- [main] s.w.s.m.m.a.RequestMappingHandlerMapping : Mapped "{[/greeting]}" onto public java.lang.String demo.SayHelloApplication.greet()
2017-05-02 12:17:34.040  INFO 11404 --- [main] s.w.s.m.m.a.RequestMappingHandlerMapping : Mapped "{[/]}" onto public java.lang.String demo.SayHelloApplication.home()
2017-05-02 12:17:34.040  INFO 11404 --- [main] s.w.s.m.m.a.RequestMappingHandlerMapping : Mapped "{[/error]}" onto public org.springframework.http.ResponseEntity<java.util.Map<java.lang.String, java.lang.Object>> org.springframework.boot.autoconfigure.web.BasicErrorController.error(javax.servlet.http.HttpServletRequest)
2017-05-02 12:17:34.040  INFO 11404 --- [main] s.w.s.m.m.a.RequestMappingHandlerMapping : Mapped "{[/error],produces=[text/html]}" onto public org.springframework.web.servlet.ModelAndView org.springframework.boot.autoconfigure.web.BasicErrorController.errorHtml(javax.servlet.http.HttpServletRequest,javax.servlet.http.HttpServletResponse)
2017-05-02 12:17:34.087  INFO 11404 --- [main] o.s.w.s.handler.SimpleUrlHandlerMapping  : Mapped URL path [/webjars/**] onto handler of type [class org.springframework.web.servlet.resource.ResourceHttpRequestHandler]
2017-05-02 12:17:34.087  INFO 11404 --- [main] o.s.w.s.handler.SimpleUrlHandlerMapping  : Mapped URL path [/**] onto handler of type [class org.springframework.web.servlet.resource.ResourceHttpRequestHandler]
2017-05-02 12:17:34.166  INFO 11404 --- [main] o.s.w.s.handler.SimpleUrlHandlerMapping  : Mapped URL path [/**/favicon.ico] onto handler of type [class org.springframework.web.servlet.resource.ResourceHttpRequestHandler]
2017-05-02 12:17:34.509  WARN 11404 --- [main] c.n.c.sources.URLConfigurationSource     : No URLs will be polled as dynamic configuration sources.
2017-05-02 12:17:34.509  INFO 11404 --- [main] c.n.c.sources.URLConfigurationSource     : To enable URLs as dynamic configuration sources, define System property archaius.configurationSource.additionalUrls or make config.properties available on classpath.
2017-05-02 12:17:34.524  WARN 11404 --- [main] c.n.c.sources.URLConfigurationSource     : No URLs will be polled as dynamic configuration sources.
2017-05-02 12:17:34.524  INFO 11404 --- [main] c.n.c.sources.URLConfigurationSource     : To enable URLs as dynamic configuration sources, define System property archaius.configurationSource.additionalUrls or make config.properties available on classpath.
2017-05-02 12:17:34.618  INFO 11404 --- [main] o.s.j.e.a.AnnotationMBeanExporter        : Registering beans for JMX exposure on startup
2017-05-02 12:17:34.634  INFO 11404 --- [main] o.s.j.e.a.AnnotationMBeanExporter        : Bean with name 'configurationPropertiesRebinder' has been autodetected for JMX exposure
2017-05-02 12:17:34.649  INFO 11404 --- [main] o.s.j.e.a.AnnotationMBeanExporter        : Bean with name 'environmentManager' has been autodetected for JMX exposure
2017-05-02 12:17:34.649  INFO 11404 --- [main] o.s.j.e.a.AnnotationMBeanExporter        : Bean with name 'refreshScope' has been autodetected for JMX exposure
2017-05-02 12:17:34.649  INFO 11404 --- [main] o.s.j.e.a.AnnotationMBeanExporter        : Located managed bean 'environmentManager': registering with JMX server as MBean [org.springframework.cloud.context.environment:name=environmentManager,type=EnvironmentManager]
2017-05-02 12:17:34.665  INFO 11404 --- [main] o.s.j.e.a.AnnotationMBeanExporter        : Located managed bean 'refreshScope': registering with JMX server as MBean [org.springframework.cloud.context.scope.refresh:name=refreshScope,type=RefreshScope]
2017-05-02 12:17:34.680  INFO 11404 --- [main] o.s.j.e.a.AnnotationMBeanExporter        : Located managed bean 'configurationPropertiesRebinder': registering with JMX server as MBean [org.springframework.cloud.context.properties:name=configurationPropertiesRebinder,context=517d4a0d,type=ConfigurationPropertiesRebinder]
2017-05-02 12:17:34.836  INFO 11404 --- [main] s.b.c.e.t.TomcatEmbeddedServletContainer : Tomcat started on port(s): 6000 (http)
2017-05-02 12:17:34.836  INFO 11404 --- [main] demo.SayHelloApplication                 : Started SayHelloApplication in 5.292 seconds (JVM running for 5.836)
2017-05-02 12:18:00.968  INFO 12264 --- [main] demo.SayHelloApplication                 : No active profile set, falling back to default profiles: default
2017-05-02 12:18:00.985  INFO 12264 --- [main] ationConfigEmbeddedWebApplicationContext : Refreshing org.springframework.boot.context.embedded.AnnotationConfigEmbeddedWebApplicationContext@517d4a0d: startup date [Tue May 02 12:18:00 CST 2017]; parent: org.springframework.context.annotation.AnnotationConfigApplicationContext@f8c1ddd
2017-05-02 12:18:01.781  INFO 12264 --- [main] o.s.cloud.context.scope.GenericScope     : BeanFactory id=215eaa31-a94b-3b52-ac54-dfcb25975803
2017-05-02 12:18:01.796  INFO 12264 --- [main] f.a.AutowiredAnnotationBeanPostProcessor : JSR-330 'javax.inject.Inject' annotation found and supported for autowiring
2017-05-02 12:18:01.890  INFO 12264 --- [main] trationDelegate$BeanPostProcessorChecker : Bean 'org.springframework.cloud.autoconfigure.ConfigurationPropertiesRebinderAutoConfiguration' of type [org.springframework.cloud.autoconfigure.ConfigurationPropertiesRebinderAutoConfiguration$$EnhancerBySpringCGLIB$$957f3042] is not eligible for getting processed by all BeanPostProcessors (for example: not eligible for auto-proxying)
2017-05-02 12:18:02.436  INFO 12264 --- [main] s.b.c.e.t.TomcatEmbeddedServletContainer : Tomcat initialized with port(s): 8090 (http)
2017-05-02 12:18:02.451  INFO 12264 --- [main] o.apache.catalina.core.StandardService   : Starting service Tomcat
2017-05-02 12:18:02.451  INFO 12264 --- [main] org.apache.catalina.core.StandardEngine  : Starting Servlet Engine: Apache Tomcat/8.5.11
2017-05-02 12:18:02.640  INFO 12264 --- [localhost-startStop-1] o.a.c.c.C.[Tomcat].[localhost].[/]       : Initializing Spring embedded WebApplicationContext
2017-05-02 12:18:02.655  INFO 12264 --- [localhost-startStop-1] o.s.web.context.ContextLoader            : Root WebApplicationContext: initialization completed in 1655 ms
2017-05-02 12:18:02.842  INFO 12264 --- [localhost-startStop-1] o.s.b.w.servlet.ServletRegistrationBean  : Mapping servlet: 'dispatcherServlet' to [/]
2017-05-02 12:18:02.842  INFO 12264 --- [localhost-startStop-1] o.s.b.w.servlet.FilterRegistrationBean   : Mapping filter: 'characterEncodingFilter' to: [/*]
2017-05-02 12:18:02.842  INFO 12264 --- [localhost-startStop-1] o.s.b.w.servlet.FilterRegistrationBean   : Mapping filter: 'hiddenHttpMethodFilter' to: [/*]
2017-05-02 12:18:02.842  INFO 12264 --- [localhost-startStop-1] o.s.b.w.servlet.FilterRegistrationBean   : Mapping filter: 'httpPutFormContentFilter' to: [/*]
2017-05-02 12:18:02.842  INFO 12264 --- [localhost-startStop-1] o.s.b.w.servlet.FilterRegistrationBean   : Mapping filter: 'requestContextFilter' to: [/*]
2017-05-02 12:18:03.232  INFO 12264 --- [main] s.w.s.m.m.a.RequestMappingHandlerAdapter : Looking for @ControllerAdvice: org.springframework.boot.context.embedded.AnnotationConfigEmbeddedWebApplicationContext@517d4a0d: startup date [Tue May 02 12:18:00 CST 2017]; parent: org.springframework.context.annotation.AnnotationConfigApplicationContext@f8c1ddd
2017-05-02 12:18:03.342  INFO 12264 --- [main] s.w.s.m.m.a.RequestMappingHandlerMapping : Mapped "{[/greeting]}" onto public java.lang.String demo.SayHelloApplication.greet()
2017-05-02 12:18:03.342  INFO 12264 --- [main] s.w.s.m.m.a.RequestMappingHandlerMapping : Mapped "{[/]}" onto public java.lang.String demo.SayHelloApplication.home()
2017-05-02 12:18:03.342  INFO 12264 --- [main] s.w.s.m.m.a.RequestMappingHandlerMapping : Mapped "{[/error]}" onto public org.springframework.http.ResponseEntity<java.util.Map<java.lang.String, java.lang.Object>> org.springframework.boot.autoconfigure.web.BasicErrorController.error(javax.servlet.http.HttpServletRequest)
2017-05-02 12:18:03.342  INFO 12264 --- [main] s.w.s.m.m.a.RequestMappingHandlerMapping : Mapped "{[/error],produces=[text/html]}" onto public org.springframework.web.servlet.ModelAndView org.springframework.boot.autoconfigure.web.BasicErrorController.errorHtml(javax.servlet.http.HttpServletRequest,javax.servlet.http.HttpServletResponse)
2017-05-02 12:18:03.388  INFO 12264 --- [main] o.s.w.s.handler.SimpleUrlHandlerMapping  : Mapped URL path [/webjars/**] onto handler of type [class org.springframework.web.servlet.resource.ResourceHttpRequestHandler]
2017-05-02 12:18:03.388  INFO 12264 --- [main] o.s.w.s.handler.SimpleUrlHandlerMapping  : Mapped URL path [/**] onto handler of type [class org.springframework.web.servlet.resource.ResourceHttpRequestHandler]
2017-05-02 12:18:03.474  INFO 12264 --- [main] o.s.w.s.handler.SimpleUrlHandlerMapping  : Mapped URL path [/**/favicon.ico] onto handler of type [class org.springframework.web.servlet.resource.ResourceHttpRequestHandler]
2017-05-02 12:18:03.836  WARN 12264 --- [main] c.n.c.sources.URLConfigurationSource     : No URLs will be polled as dynamic configuration sources.
2017-05-02 12:18:03.836  INFO 12264 --- [main] c.n.c.sources.URLConfigurationSource     : To enable URLs as dynamic configuration sources, define System property archaius.configurationSource.additionalUrls or make config.properties available on classpath.
2017-05-02 12:18:03.836  WARN 12264 --- [main] c.n.c.sources.URLConfigurationSource     : No URLs will be polled as dynamic configuration sources.
2017-05-02 12:18:03.836  INFO 12264 --- [main] c.n.c.sources.URLConfigurationSource     : To enable URLs as dynamic configuration sources, define System property archaius.configurationSource.additionalUrls or make config.properties available on classpath.
2017-05-02 12:18:03.929  INFO 12264 --- [main] o.s.j.e.a.AnnotationMBeanExporter        : Registering beans for JMX exposure on startup
2017-05-02 12:18:03.945  INFO 12264 --- [main] o.s.j.e.a.AnnotationMBeanExporter        : Bean with name 'configurationPropertiesRebinder' has been autodetected for JMX exposure
2017-05-02 12:18:03.945  INFO 12264 --- [main] o.s.j.e.a.AnnotationMBeanExporter        : Bean with name 'environmentManager' has been autodetected for JMX exposure
2017-05-02 12:18:03.945  INFO 12264 --- [main] o.s.j.e.a.AnnotationMBeanExporter        : Bean with name 'refreshScope' has been autodetected for JMX exposure
2017-05-02 12:18:03.945  INFO 12264 --- [main] o.s.j.e.a.AnnotationMBeanExporter        : Located managed bean 'environmentManager': registering with JMX server as MBean [org.springframework.cloud.context.environment:name=environmentManager,type=EnvironmentManager]
2017-05-02 12:18:03.976  INFO 12264 --- [main] o.s.j.e.a.AnnotationMBeanExporter        : Located managed bean 'refreshScope': registering with JMX server as MBean [org.springframework.cloud.context.scope.refresh:name=refreshScope,type=RefreshScope]
2017-05-02 12:18:03.992  INFO 12264 --- [main] o.s.j.e.a.AnnotationMBeanExporter        : Located managed bean 'configurationPropertiesRebinder': registering with JMX server as MBean [org.springframework.cloud.context.properties:name=configurationPropertiesRebinder,context=517d4a0d,type=ConfigurationPropertiesRebinder]
2017-05-02 12:18:04.148  INFO 12264 --- [main] s.b.c.e.t.TomcatEmbeddedServletContainer : Tomcat started on port(s): 8090 (http)
2017-05-02 12:18:04.148  INFO 12264 --- [main] demo.SayHelloApplication                 : Started SayHelloApplication in 5.236 seconds (JVM running for 5.755)
2017-05-02 12:18:15.737  INFO 12264 --- [http-nio-8090-exec-1] o.a.c.c.C.[Tomcat].[localhost].[/]       : Initializing Spring FrameworkServlet 'dispatcherServlet'
2017-05-02 12:18:15.738  INFO 12264 --- [http-nio-8090-exec-1] o.s.web.servlet.DispatcherServlet        : FrameworkServlet 'dispatcherServlet': initialization started
2017-05-02 12:18:15.764  INFO 12264 --- [http-nio-8090-exec-1] o.s.web.servlet.DispatcherServlet        : FrameworkServlet 'dispatcherServlet': initialization completed in 26 ms
2017-05-02 12:18:15.821  INFO 12264 --- [http-nio-8090-exec-1] demo.SayHelloApplication                 : Access /
2017-05-02 12:18:40.572  INFO 12264 --- [http-nio-8090-exec-3] demo.SayHelloApplication                 : Access /greeting
2017-05-02 12:18:45.179  INFO 12264 --- [http-nio-8090-exec-4] demo.SayHelloApplication                 : Access /greeting
2017-05-02 12:18:46.605  INFO 12264 --- [http-nio-8090-exec-6] demo.SayHelloApplication                 : Access /greeting
2017-05-02 12:18:47.099  INFO 12264 --- [http-nio-8090-exec-8] demo.SayHelloApplication                 : Access /greeting
2017-05-02 12:18:47.543  INFO 12264 --- [http-nio-8090-exec-10] demo.SayHelloApplication                 : Access /greeting
2017-05-02 12:18:47.981  INFO 12264 --- [http-nio-8090-exec-2] demo.SayHelloApplication                 : Access /greeting
2017-05-02 12:18:48.263  INFO 12264 --- [http-nio-8090-exec-4] demo.SayHelloApplication                 : Access /greeting
2017-05-02 12:18:48.467  INFO 12264 --- [http-nio-8090-exec-6] demo.SayHelloApplication                 : Access /greeting
2017-05-02 12:18:48.686  INFO 12264 --- [http-nio-8090-exec-8] demo.SayHelloApplication                 : Access /greeting
2017-05-02 12:18:48.911  INFO 12264 --- [http-nio-8090-exec-10] demo.SayHelloApplication                 : Access /greeting
2017-05-02 12:18:49.107  INFO 12264 --- [http-nio-8090-exec-2] demo.SayHelloApplication                 : Access /greeting
2017-05-02 12:18:49.588  INFO 12264 --- [http-nio-8090-exec-4] demo.SayHelloApplication                 : Access /greeting
2017-05-02 12:18:50.271  INFO 12264 --- [http-nio-8090-exec-6] demo.SayHelloApplication                 : Access /greeting
2017-05-02 13:35:35.225  INFO 12264 --- [http-nio-8090-exec-10] demo.SayHelloApplication                 : Access /greeting
2017-05-02 13:35:35.752  INFO 12264 --- [http-nio-8090-exec-2] demo.SayHelloApplication                 : Access /greeting
2017-05-02 13:35:36.268  INFO 12264 --- [http-nio-8090-exec-4] demo.SayHelloApplication                 : Access /greeting
2017-05-02 13:35:36.563  INFO 12264 --- [http-nio-8090-exec-6] demo.SayHelloApplication                 : Access /greeting
2017-05-02 13:35:36.816  INFO 12264 --- [http-nio-8090-exec-8] demo.SayHelloApplication                 : Access /greeting
2017-05-02 13:37:09.123  INFO 13068 --- [main] demo.SayHelloApplication                 : No active profile set, falling back to default profiles: default
2017-05-02 13:37:09.139  INFO 13068 --- [main] ationConfigEmbeddedWebApplicationContext : Refreshing org.springframework.boot.context.embedded.AnnotationConfigEmbeddedWebApplicationContext@1941a8ff: startup date [Tue May 02 13:37:09 CST 2017]; parent: org.springframework.context.annotation.AnnotationConfigApplicationContext@f8c1ddd
2017-05-02 13:37:10.009  INFO 13068 --- [main] o.s.cloud.context.scope.GenericScope     : BeanFactory id=215eaa31-a94b-3b52-ac54-dfcb25975803
2017-05-02 13:37:10.024  INFO 13068 --- [main] f.a.AutowiredAnnotationBeanPostProcessor : JSR-330 'javax.inject.Inject' annotation found and supported for autowiring
2017-05-02 13:37:10.102  INFO 13068 --- [main] trationDelegate$BeanPostProcessorChecker : Bean 'org.springframework.cloud.autoconfigure.ConfigurationPropertiesRebinderAutoConfiguration' of type [org.springframework.cloud.autoconfigure.ConfigurationPropertiesRebinderAutoConfiguration$$EnhancerBySpringCGLIB$$957f3042] is not eligible for getting processed by all BeanPostProcessors (for example: not eligible for auto-proxying)
2017-05-02 13:37:10.602  INFO 13068 --- [main] s.b.c.e.t.TomcatEmbeddedServletContainer : Tomcat initialized with port(s): 9090 (http)
2017-05-02 13:37:10.618  INFO 13068 --- [main] o.apache.catalina.core.StandardService   : Starting service Tomcat
2017-05-02 13:37:10.618  INFO 13068 --- [main] org.apache.catalina.core.StandardEngine  : Starting Servlet Engine: Apache Tomcat/8.5.11
2017-05-02 13:37:10.805  INFO 13068 --- [localhost-startStop-1] o.a.c.c.C.[Tomcat].[localhost].[/]       : Initializing Spring embedded WebApplicationContext
2017-05-02 13:37:10.805  INFO 13068 --- [localhost-startStop-1] o.s.web.context.ContextLoader            : Root WebApplicationContext: initialization completed in 1666 ms
2017-05-02 13:37:10.992  INFO 13068 --- [localhost-startStop-1] o.s.b.w.servlet.ServletRegistrationBean  : Mapping servlet: 'dispatcherServlet' to [/]
2017-05-02 13:37:10.992  INFO 13068 --- [localhost-startStop-1] o.s.b.w.servlet.FilterRegistrationBean   : Mapping filter: 'characterEncodingFilter' to: [/*]
2017-05-02 13:37:10.992  INFO 13068 --- [localhost-startStop-1] o.s.b.w.servlet.FilterRegistrationBean   : Mapping filter: 'hiddenHttpMethodFilter' to: [/*]
2017-05-02 13:37:10.992  INFO 13068 --- [localhost-startStop-1] o.s.b.w.servlet.FilterRegistrationBean   : Mapping filter: 'httpPutFormContentFilter' to: [/*]
2017-05-02 13:37:10.992  INFO 13068 --- [localhost-startStop-1] o.s.b.w.servlet.FilterRegistrationBean   : Mapping filter: 'requestContextFilter' to: [/*]
2017-05-02 13:37:11.367  INFO 13068 --- [main] s.w.s.m.m.a.RequestMappingHandlerAdapter : Looking for @ControllerAdvice: org.springframework.boot.context.embedded.AnnotationConfigEmbeddedWebApplicationContext@1941a8ff: startup date [Tue May 02 13:37:09 CST 2017]; parent: org.springframework.context.annotation.AnnotationConfigApplicationContext@f8c1ddd
2017-05-02 13:37:11.461  INFO 13068 --- [main] s.w.s.m.m.a.RequestMappingHandlerMapping : Mapped "{[/greeting]}" onto public java.lang.String demo.SayHelloApplication.greet()
2017-05-02 13:37:11.461  INFO 13068 --- [main] s.w.s.m.m.a.RequestMappingHandlerMapping : Mapped "{[/]}" onto public java.lang.String demo.SayHelloApplication.home()
2017-05-02 13:37:11.461  INFO 13068 --- [main] s.w.s.m.m.a.RequestMappingHandlerMapping : Mapped "{[/error]}" onto public org.springframework.http.ResponseEntity<java.util.Map<java.lang.String, java.lang.Object>> org.springframework.boot.autoconfigure.web.BasicErrorController.error(javax.servlet.http.HttpServletRequest)
2017-05-02 13:37:11.461  INFO 13068 --- [main] s.w.s.m.m.a.RequestMappingHandlerMapping : Mapped "{[/error],produces=[text/html]}" onto public org.springframework.web.servlet.ModelAndView org.springframework.boot.autoconfigure.web.BasicErrorController.errorHtml(javax.servlet.http.HttpServletRequest,javax.servlet.http.HttpServletResponse)
2017-05-02 13:37:11.508  INFO 13068 --- [main] o.s.w.s.handler.SimpleUrlHandlerMapping  : Mapped URL path [/webjars/**] onto handler of type [class org.springframework.web.servlet.resource.ResourceHttpRequestHandler]
2017-05-02 13:37:11.508  INFO 13068 --- [main] o.s.w.s.handler.SimpleUrlHandlerMapping  : Mapped URL path [/**] onto handler of type [class org.springframework.web.servlet.resource.ResourceHttpRequestHandler]
2017-05-02 13:37:11.602  INFO 13068 --- [main] o.s.w.s.handler.SimpleUrlHandlerMapping  : Mapped URL path [/**/favicon.ico] onto handler of type [class org.springframework.web.servlet.resource.ResourceHttpRequestHandler]
2017-05-02 13:37:11.914  WARN 13068 --- [main] c.n.c.sources.URLConfigurationSource     : No URLs will be polled as dynamic configuration sources.
2017-05-02 13:37:11.914  INFO 13068 --- [main] c.n.c.sources.URLConfigurationSource     : To enable URLs as dynamic configuration sources, define System property archaius.configurationSource.additionalUrls or make config.properties available on classpath.
2017-05-02 13:37:11.929  WARN 13068 --- [main] c.n.c.sources.URLConfigurationSource     : No URLs will be polled as dynamic configuration sources.
2017-05-02 13:37:11.929  INFO 13068 --- [main] c.n.c.sources.URLConfigurationSource     : To enable URLs as dynamic configuration sources, define System property archaius.configurationSource.additionalUrls or make config.properties available on classpath.
2017-05-02 13:37:12.007  INFO 13068 --- [main] o.s.j.e.a.AnnotationMBeanExporter        : Registering beans for JMX exposure on startup
2017-05-02 13:37:12.023  INFO 13068 --- [main] o.s.j.e.a.AnnotationMBeanExporter        : Bean with name 'configurationPropertiesRebinder' has been autodetected for JMX exposure
2017-05-02 13:37:12.023  INFO 13068 --- [main] o.s.j.e.a.AnnotationMBeanExporter        : Bean with name 'environmentManager' has been autodetected for JMX exposure
2017-05-02 13:37:12.023  INFO 13068 --- [main] o.s.j.e.a.AnnotationMBeanExporter        : Bean with name 'refreshScope' has been autodetected for JMX exposure
2017-05-02 13:37:12.023  INFO 13068 --- [main] o.s.j.e.a.AnnotationMBeanExporter        : Located managed bean 'environmentManager': registering with JMX server as MBean [org.springframework.cloud.context.environment:name=environmentManager,type=EnvironmentManager]
2017-05-02 13:37:12.039  INFO 13068 --- [main] o.s.j.e.a.AnnotationMBeanExporter        : Located managed bean 'refreshScope': registering with JMX server as MBean [org.springframework.cloud.context.scope.refresh:name=refreshScope,type=RefreshScope]
2017-05-02 13:37:12.054  INFO 13068 --- [main] o.s.j.e.a.AnnotationMBeanExporter        : Located managed bean 'configurationPropertiesRebinder': registering with JMX server as MBean [org.springframework.cloud.context.properties:name=configurationPropertiesRebinder,context=1941a8ff,type=ConfigurationPropertiesRebinder]
2017-05-02 13:37:12.210  INFO 13068 --- [main] s.b.c.e.t.TomcatEmbeddedServletContainer : Tomcat started on port(s): 9090 (http)
2017-05-02 13:37:12.226  INFO 13068 --- [main] demo.SayHelloApplication                 : Started SayHelloApplication in 5.21 seconds (JVM running for 5.701)
2017-05-02 13:37:18.929  INFO 13068 --- [http-nio-9090-exec-1] o.a.c.c.C.[Tomcat].[localhost].[/]       : Initializing Spring FrameworkServlet 'dispatcherServlet'
2017-05-02 13:37:18.930  INFO 13068 --- [http-nio-9090-exec-1] o.s.web.servlet.DispatcherServlet        : FrameworkServlet 'dispatcherServlet': initialization started
2017-05-02 13:37:18.955  INFO 13068 --- [http-nio-9090-exec-1] o.s.web.servlet.DispatcherServlet        : FrameworkServlet 'dispatcherServlet': initialization completed in 25 ms
2017-05-02 13:37:18.997  INFO 13068 --- [http-nio-9090-exec-1] demo.SayHelloApplication                 : Access /greeting
2017-05-02 13:37:20.272  INFO 13068 --- [http-nio-9090-exec-3] demo.SayHelloApplication                 : Access /greeting
2017-05-02 13:37:20.454  INFO 13068 --- [http-nio-9090-exec-5] demo.SayHelloApplication                 : Access /greeting
2017-05-02 13:37:20.645  INFO 13068 --- [http-nio-9090-exec-7] demo.SayHelloApplication                 : Access /greeting
2017-05-02 13:37:20.861  INFO 13068 --- [http-nio-9090-exec-9] demo.SayHelloApplication                 : Access /greeting
